#
# There is insufficient memory for the Java Runtime Environment to continue.
# Native memory allocation (mmap) failed to map 80216064 bytes for committing reserved memory.
# Possible reasons:
#   The system is out of physical RAM or swap space
#   In 32 bit mode, the process size limit was hit
# Possible solutions:
#   Reduce memory load on the system
#   Increase physical memory or swap space
#   Check if swap backing store is full
#   Use 64 bit Java on a 64 bit OS
#   Decrease Java heap size (-Xmx/-Xms)
#   Decrease number of Java threads
#   Decrease Java thread stack sizes (-Xss)
#   Set larger code cache with -XX:ReservedCodeCacheSize=
# This output file may be truncated or incomplete.
#
#  Out of Memory Error (os_linux.cpp:2627), pid=3486, tid=140365059290880
#
# JRE version: Java(TM) SE Runtime Environment (8.0_66-b17) (build 1.8.0_66-b17)
# Java VM: Java HotSpot(TM) 64-Bit Server VM (25.66-b17 mixed mode linux-amd64 compressed oops)
# Failed to write core dump. Core dumps have been disabled. To enable core dumping, try "ulimit -c unlimited" before starting Java again
#

---------------  T H R E A D  ---------------

Current thread (0x00007fa95c073800):  VMThread [stack: 0x00007fa9496f7000,0x00007fa9497f8000] [id=3492]

Stack: [0x00007fa9496f7000,0x00007fa9497f8000],  sp=0x00007fa9497f6160,  free space=1020k
Native frames: (J=compiled Java code, j=interpreted, Vv=VM code, C=native code)
V  [libjvm.so+0xab9a1a]  VMError::report_and_die()+0x2ba
V  [libjvm.so+0x4f9e0b]  report_vm_out_of_memory(char const*, int, unsigned long, VMErrorType, char const*)+0x8b
V  [libjvm.so+0x91a8a3]  os::Linux::commit_memory_impl(char*, unsigned long, bool)+0x103
V  [libjvm.so+0x91adf9]  os::pd_commit_memory(char*, unsigned long, unsigned long, bool)+0x29
V  [libjvm.so+0x91510a]  os::commit_memory(char*, unsigned long, unsigned long, bool)+0x2a
V  [libjvm.so+0x9887a3]  PSVirtualSpace::expand_by(unsigned long)+0x53
V  [libjvm.so+0x979090]  PSOldGen::expand(unsigned long)+0x170
V  [libjvm.so+0x97929b]  PSOldGen::resize(unsigned long)+0x1cb
V  [libjvm.so+0x980f71]  PSParallelCompact::invoke_no_policy(bool)+0x991
V  [libjvm.so+0x9868cd]  PSScavenge::invoke()+0x1ad
V  [libjvm.so+0x93e500]  ParallelScavengeHeap::failed_mem_allocate(unsigned long)+0x70
V  [libjvm.so+0xabb437]  VM_ParallelGCFailedAllocation::doit()+0x97
V  [libjvm.so+0xac2e65]  VM_Operation::evaluate()+0x55
V  [libjvm.so+0xac123a]  VMThread::evaluate_operation(VM_Operation*)+0xba
V  [libjvm.so+0xac15be]  VMThread::loop()+0x1ce
V  [libjvm.so+0xac1a30]  VMThread::run()+0x70
V  [libjvm.so+0x91cc68]  java_start(Thread*)+0x108

VM_Operation (0x00007fa906588f20): ParallelGCFailedAllocation, mode: safepoint, requested by thread 0x00007fa916580000


---------------  P R O C E S S  ---------------

Java Threads: ( => current thread )
  0x00007fa8f8aa0000 JavaThread "config-7-worker-1" daemon [_thread_blocked, id=10164, stack(0x00007fa90658b000,0x00007fa90678c000)]
  0x00007fa916580000 JavaThread "config-7-worker-0" daemon [_thread_blocked, id=10163, stack(0x00007fa90638a000,0x00007fa90658b000)]
  0x00007fa9159f2800 JavaThread "Jack reporter" [_thread_blocked, id=10161, stack(0x00007fa90ec42000,0x00007fa90ed43000)]
  0x00007fa9144b7000 JavaThread "Asynchronous log dispatcher for org.gradle.launcher.daemon.server.DefaultDaemonConnection@36e552ac" [_thread_blocked, id=9987, stack(0x00007fa9232e2000,0x00007fa9233e3000)]
  0x00007fa91c0ce000 JavaThread "Cancel handler" [_thread_blocked, id=9985, stack(0x00007fa9236e6000,0x00007fa9237e7000)]
  0x00007fa91c012000 JavaThread "Handler for socket connection from /127.0.0.1:59455 to /127.0.0.1:54881" [_thread_in_native, id=9983, stack(0x00007fa9234e4000,0x00007fa9235e5000)]
  0x00007fa91c0e3800 JavaThread "Daemon worker Thread 15" [_thread_blocked, id=9342, stack(0x00007fa9235e5000,0x00007fa9236e6000)]
  0x00007fa910011800 JavaThread "Daemon Thread 15" [_thread_blocked, id=9339, stack(0x00007fa9233e3000,0x00007fa9234e4000)]
  0x00007fa914277000 JavaThread "pool-37-thread-4" [_thread_blocked, id=7910, stack(0x00007fa9076f7000,0x00007fa9077f8000)]
  0x00007fa914242800 JavaThread "pool-37-thread-3" [_thread_blocked, id=7901, stack(0x00007fa907bfc000,0x00007fa907cfd000)]
  0x00007fa91417d800 JavaThread "pool-37-thread-2" [_thread_blocked, id=7888, stack(0x00007fa9075f6000,0x00007fa9076f7000)]
  0x00007fa9140c4800 JavaThread "pool-37-thread-1" [_thread_blocked, id=7887, stack(0x00007fa907eff000,0x00007fa908000000)]
  0x00007fa908aec000 JavaThread "pool-2-thread-1" [_thread_blocked, id=3513, stack(0x00007fa921856000,0x00007fa921957000)]
  0x00007fa9082d5800 JavaThread "File lock request listener" [_thread_in_native, id=3510, stack(0x00007fa922a68000,0x00007fa922b69000)]
  0x00007fa95cb74000 JavaThread "Incoming local TCP Connector on port 59455" [_thread_in_native, id=3501, stack(0x00007fa9239ee000,0x00007fa923aef000)]
  0x00007fa95cb51800 JavaThread "pool-1-thread-1" [_thread_blocked, id=3500, stack(0x00007fa923aef000,0x00007fa923bf0000)]
  0x00007fa95c0bc000 JavaThread "Service Thread" daemon [_thread_blocked, id=3498, stack(0x00007fa948e36000,0x00007fa948f37000)]
  0x00007fa95c0b7000 JavaThread "C1 CompilerThread1" daemon [_thread_blocked, id=3497, stack(0x00007fa948f37000,0x00007fa949038000)]
  0x00007fa95c0b4000 JavaThread "C2 CompilerThread0" daemon [_thread_blocked, id=3496, stack(0x00007fa949038000,0x00007fa949139000)]
  0x00007fa95c0b2800 JavaThread "Signal Dispatcher" daemon [_thread_blocked, id=3495, stack(0x00007fa949139000,0x00007fa94923a000)]
  0x00007fa95c07a800 JavaThread "Finalizer" daemon [_thread_blocked, id=3494, stack(0x00007fa9494f5000,0x00007fa9495f6000)]
  0x00007fa95c078800 JavaThread "Reference Handler" daemon [_thread_blocked, id=3493, stack(0x00007fa9495f6000,0x00007fa9496f7000)]
  0x00007fa95c00a000 JavaThread "main" [_thread_blocked, id=3489, stack(0x00007fa96482c000,0x00007fa96492d000)]

Other Threads:
=>0x00007fa95c073800 VMThread [stack: 0x00007fa9496f7000,0x00007fa9497f8000] [id=3492]
  0x00007fa95c0bf000 WatcherThread [stack: 0x00007fa948d35000,0x00007fa948e36000] [id=3499]

VM state:at safepoint (normal execution)

VM Mutex/Monitor currently owned by a thread:  ([mutex/lock_event])
[0x00007fa95c005bb0] ExpandHeap_lock - owner thread: 0x00007fa95c073800
[0x00007fa95c006230] Threads_lock - owner thread: 0x00007fa95c073800
[0x00007fa95c006730] Heap_lock - owner thread: 0x00007fa916580000

Heap:
 PSYoungGen      total 295424K, used 0K [0x00000000e0000000, 0x0000000100000000, 0x0000000100000000)
  eden space 187392K, 0% used [0x00000000e0000000,0x00000000e0000000,0x00000000eb700000)
  from space 108032K, 0% used [0x00000000eb700000,0x00000000eb700000,0x00000000f2080000)
  to   space 173056K, 0% used [0x00000000f5700000,0x00000000f5700000,0x0000000100000000)
 ParOldGen       total 586240K, used 447149K [0x00000000a0000000, 0x00000000c3c80000, 0x00000000e0000000)
  object space 586240K, 76% used [0x00000000a0000000,0x00000000bb4ab5d8,0x00000000c3c80000)
 Metaspace       used 93740K, capacity 99716K, committed 101120K, reserved 1136640K
  class space    used 12143K, capacity 12999K, committed 13312K, reserved 1048576K

Card table byte_map: [0x00007fa9612f0000,0x00007fa9615f1000] byte_map_base: 0x00007fa960df0000

Marking Bits: (ParMarkBitMap*) 0x00007fa963d00020
 Begin Bits: [0x00007fa94a000000, 0x00007fa94b800000)
 End Bits:   [0x00007fa94b800000, 0x00007fa94d000000)

Polling page: 0x00007fa964947000

CodeCache: size=245760Kb used=76497Kb max_used=76504Kb free=169262Kb
 bounds [0x00007fa94d000000, 0x00007fa951b30000, 0x00007fa95c000000]
 total_blobs=22502 nmethods=21690 adapters=721
 compilation: enabled

Compilation events (10 events):
Event: 4949,997 Thread 0x00007fa95c0b4000 nmethod 30130 0x00007fa9513b62d0 code [0x00007fa9513b6460, 0x00007fa9513b6748]
Event: 4949,997 Thread 0x00007fa95c0b4000 30112       4       com.android.jack.dx.dex.code.RopTranslator$LocalVariableAwareTranslationVisitor::visitPlainCstInsn (11 bytes)
Event: 4950,026 Thread 0x00007fa95c0b4000 nmethod 30112 0x00007fa951b2bb50 code [0x00007fa951b2bd60, 0x00007fa951b2c650]
Event: 4950,026 Thread 0x00007fa95c0b4000 30113       4       com.android.jack.dx.rop.code.BasicBlockList$RegCountVisitor::visitPlainCstInsn (6 bytes)
Event: 4950,030 Thread 0x00007fa95c0b4000 nmethod 30113 0x00007fa951b272d0 code [0x00007fa951b27440, 0x00007fa951b27698]
Event: 4950,030 Thread 0x00007fa95c0b4000 30134       4       com.android.jack.backend.dex.rop.RopBuilderVisitor$AssignBuilderVisitor::visit (14 bytes)
Event: 4950,031 Thread 0x00007fa95c0b4000 nmethod 30134 0x00007fa9513b2250 code [0x00007fa9513b23a0, 0x00007fa9513b2448]
Event: 4950,031 Thread 0x00007fa95c0b4000 30116   !   4       com.android.jack.backend.dex.rop.CodeItemBuilder::run (1622 bytes)
Event: 4950,325 Thread 0x00007fa95c0b7000 30135       3       com.android.jack.backend.dex.rop.RopBuilderVisitor::visit (44 bytes)
Event: 4950,326 Thread 0x00007fa95c0b7000 nmethod 30135 0x00007fa9513b91d0 code [0x00007fa9513b93e0, 0x00007fa9513b9de8]

GC Heap History (10 events):
Event: 4943,967 GC heap after
Heap after GC invocations=110 (full 25):
 PSYoungGen      total 368640K, used 41568K [0x00000000e0000000, 0x00000000ff080000, 0x0000000100000000)
  eden space 235008K, 0% used [0x00000000e0000000,0x00000000e0000000,0x00000000ee580000)
  from space 133632K, 31% used [0x00000000ee580000,0x00000000f0e18000,0x00000000f6800000)
  to   space 126976K, 0% used [0x00000000f7480000,0x00000000f7480000,0x00000000ff080000)
 ParOldGen       total 586240K, used 388414K [0x00000000a0000000, 0x00000000c3c80000, 0x00000000e0000000)
  object space 586240K, 66% used [0x00000000a0000000,0x00000000b7b4fa90,0x00000000c3c80000)
 Metaspace       used 94601K, capacity 100902K, committed 101120K, reserved 1136640K
  class space    used 12301K, capacity 13261K, committed 13312K, reserved 1048576K
}
Event: 4944,819 GC heap before
{Heap before GC invocations=111 (full 25):
 PSYoungGen      total 368640K, used 276576K [0x00000000e0000000, 0x00000000ff080000, 0x0000000100000000)
  eden space 235008K, 100% used [0x00000000e0000000,0x00000000ee580000,0x00000000ee580000)
  from space 133632K, 31% used [0x00000000ee580000,0x00000000f0e18000,0x00000000f6800000)
  to   space 126976K, 0% used [0x00000000f7480000,0x00000000f7480000,0x00000000ff080000)
 ParOldGen       total 586240K, used 388414K [0x00000000a0000000, 0x00000000c3c80000, 0x00000000e0000000)
  object space 586240K, 66% used [0x00000000a0000000,0x00000000b7b4fa90,0x00000000c3c80000)
 Metaspace       used 94603K, capacity 100902K, committed 101120K, reserved 1136640K
  class space    used 12301K, capacity 13261K, committed 13312K, reserved 1048576K
Event: 4945,010 GC heap after
Heap after GC invocations=111 (full 25):
 PSYoungGen      total 376832K, used 83360K [0x00000000e0000000, 0x00000000ffa00000, 0x0000000100000000)
  eden space 249856K, 0% used [0x00000000e0000000,0x00000000e0000000,0x00000000ef400000)
  from space 126976K, 65% used [0x00000000f7480000,0x00000000fc5e8000,0x00000000ff080000)
  to   space 131584K, 0% used [0x00000000ef400000,0x00000000ef400000,0x00000000f7480000)
 ParOldGen       total 586240K, used 388414K [0x00000000a0000000, 0x00000000c3c80000, 0x00000000e0000000)
  object space 586240K, 66% used [0x00000000a0000000,0x00000000b7b4fa90,0x00000000c3c80000)
 Metaspace       used 94603K, capacity 100902K, committed 101120K, reserved 1136640K
  class space    used 12301K, capacity 13261K, committed 13312K, reserved 1048576K
}
Event: 4945,367 GC heap before
{Heap before GC invocations=112 (full 25):
 PSYoungGen      total 376832K, used 333216K [0x00000000e0000000, 0x00000000ffa00000, 0x0000000100000000)
  eden space 249856K, 100% used [0x00000000e0000000,0x00000000ef400000,0x00000000ef400000)
  from space 126976K, 65% used [0x00000000f7480000,0x00000000fc5e8000,0x00000000ff080000)
  to   space 131584K, 0% used [0x00000000ef400000,0x00000000ef400000,0x00000000f7480000)
 ParOldGen       total 586240K, used 388414K [0x00000000a0000000, 0x00000000c3c80000, 0x00000000e0000000)
  object space 586240K, 66% used [0x00000000a0000000,0x00000000b7b4fa90,0x00000000c3c80000)
 Metaspace       used 94603K, capacity 100902K, committed 101120K, reserved 1136640K
  class space    used 12301K, capacity 13261K, committed 13312K, reserved 1048576K
Event: 4945,590 GC heap after
Heap after GC invocations=112 (full 25):
 PSYoungGen      total 377856K, used 127680K [0x00000000e0000000, 0x0000000100000000, 0x0000000100000000)
  eden space 249856K, 0% used [0x00000000e0000000,0x00000000e0000000,0x00000000ef400000)
  from space 128000K, 99% used [0x00000000ef400000,0x00000000f70b0000,0x00000000f7100000)
  to   space 146432K, 0% used [0x00000000f7100000,0x00000000f7100000,0x0000000100000000)
 ParOldGen       total 586240K, used 388414K [0x00000000a0000000, 0x00000000c3c80000, 0x00000000e0000000)
  object space 586240K, 66% used [0x00000000a0000000,0x00000000b7b4fa90,0x00000000c3c80000)
 Metaspace       used 94603K, capacity 100902K, committed 101120K, reserved 1136640K
  class space    used 12301K, capacity 13261K, committed 13312K, reserved 1048576K
}
Event: 4945,951 GC heap before
{Heap before GC invocations=113 (full 25):
 PSYoungGen      total 377856K, used 377536K [0x00000000e0000000, 0x0000000100000000, 0x0000000100000000)
  eden space 249856K, 100% used [0x00000000e0000000,0x00000000ef400000,0x00000000ef400000)
  from space 128000K, 99% used [0x00000000ef400000,0x00000000f70b0000,0x00000000f7100000)
  to   space 146432K, 0% used [0x00000000f7100000,0x00000000f7100000,0x0000000100000000)
 ParOldGen       total 586240K, used 388414K [0x00000000a0000000, 0x00000000c3c80000, 0x00000000e0000000)
  object space 586240K, 66% used [0x00000000a0000000,0x00000000b7b4fa90,0x00000000c3c80000)
 Metaspace       used 94603K, capacity 100902K, committed 101120K, reserved 1136640K
  class space    used 12301K, capacity 13261K, committed 13312K, reserved 1048576K
Event: 4949,730 GC heap after
Heap after GC invocations=113 (full 25):
 PSYoungGen      total 333824K, used 130688K [0x00000000e0000000, 0x0000000100000000, 0x0000000100000000)
  eden space 187392K, 0% used [0x00000000e0000000,0x00000000e0000000,0x00000000eb700000)
  from space 146432K, 89% used [0x00000000f7100000,0x00000000ff0a0000,0x0000000100000000)
  to   space 168448K, 0% used [0x00000000eb700000,0x00000000eb700000,0x00000000f5b80000)
 ParOldGen       total 586240K, used 430070K [0x00000000a0000000, 0x00000000c3c80000, 0x00000000e0000000)
  object space 586240K, 73% used [0x00000000a0000000,0x00000000ba3fda90,0x00000000c3c80000)
 Metaspace       used 94603K, capacity 100902K, committed 101120K, reserved 1136640K
  class space    used 12301K, capacity 13261K, committed 13312K, reserved 1048576K
}
Event: 4950,335 GC heap before
{Heap before GC invocations=114 (full 25):
 PSYoungGen      total 333824K, used 318080K [0x00000000e0000000, 0x0000000100000000, 0x0000000100000000)
  eden space 187392K, 100% used [0x00000000e0000000,0x00000000eb700000,0x00000000eb700000)
  from space 146432K, 89% used [0x00000000f7100000,0x00000000ff0a0000,0x0000000100000000)
  to   space 168448K, 0% used [0x00000000eb700000,0x00000000eb700000,0x00000000f5b80000)
 ParOldGen       total 586240K, used 430070K [0x00000000a0000000, 0x00000000c3c80000, 0x00000000e0000000)
  object space 586240K, 73% used [0x00000000a0000000,0x00000000ba3fda90,0x00000000c3c80000)
 Metaspace       used 94604K, capacity 100902K, committed 101120K, reserved 1136640K
  class space    used 12301K, capacity 13261K, committed 13312K, reserved 1048576K
Event: 5089,444 GC heap after
Heap after GC invocations=114 (full 25):
 PSYoungGen      total 295424K, used 107808K [0x00000000e0000000, 0x0000000100000000, 0x0000000100000000)
  eden space 187392K, 0% used [0x00000000e0000000,0x00000000e0000000,0x00000000eb700000)
  from space 108032K, 99% used [0x00000000eb700000,0x00000000f2048000,0x00000000f2080000)
  to   space 173056K, 0% used [0x00000000f5700000,0x00000000f5700000,0x0000000100000000)
 ParOldGen       total 586240K, used 516438K [0x00000000a0000000, 0x00000000c3c80000, 0x00000000e0000000)
  object space 586240K, 88% used [0x00000000a0000000,0x00000000bf855a90,0x00000000c3c80000)
 Metaspace       used 94604K, capacity 100902K, committed 101120K, reserved 1136640K
  class space    used 12301K, capacity 13261K, committed 13312K, reserved 1048576K
}
Event: 5092,634 GC heap before
{Heap before GC invocations=115 (full 26):
 PSYoungGen      total 295424K, used 107808K [0x00000000e0000000, 0x0000000100000000, 0x0000000100000000)
  eden space 187392K, 0% used [0x00000000e0000000,0x00000000e0000000,0x00000000eb700000)
  from space 108032K, 99% used [0x00000000eb700000,0x00000000f2048000,0x00000000f2080000)
  to   space 173056K, 0% used [0x00000000f5700000,0x00000000f5700000,0x0000000100000000)
 ParOldGen       total 586240K, used 516438K [0x00000000a0000000, 0x00000000c3c80000, 0x00000000e0000000)
  object space 586240K, 88% used [0x00000000a0000000,0x00000000bf855a90,0x00000000c3c80000)
 Metaspace       used 94604K, capacity 100902K, committed 101120K, reserved 1136640K
  class space    used 12301K, capacity 13261K, committed 13312K, reserved 1048576K

Deoptimization events (10 events):
Event: 4936,104 Thread 0x00007fa916580000 Uncommon trap: reason=class_check action=maybe_recompile pc=0x00007fa950bcdf50 method=com.android.jack.ir.ast.JMethod.getBody()Lcom/android/jack/ir/ast/JAbstractMethodBody; @ 5
Event: 4936,107 Thread 0x00007fa916580000 Uncommon trap: reason=class_check action=maybe_recompile pc=0x00007fa950bcdf50 method=com.android.jack.ir.ast.JMethod.getBody()Lcom/android/jack/ir/ast/JAbstractMethodBody; @ 5
Event: 4936,109 Thread 0x00007fa916580000 Uncommon trap: reason=class_check action=maybe_recompile pc=0x00007fa950bcdf50 method=com.android.jack.ir.ast.JMethod.getBody()Lcom/android/jack/ir/ast/JAbstractMethodBody; @ 5
Event: 4936,835 Thread 0x00007fa916580000 Uncommon trap: reason=class_check action=maybe_recompile pc=0x00007fa9512ca2f4 method=com.android.jack.backend.dex.annotations.ReflectAnnotationsAdder$Visitor.addThrows(Lcom/android/jack/ir/ast/JMethod;)V @ 73
Event: 4936,835 Thread 0x00007fa916580000 Uncommon trap: reason=class_check action=maybe_recompile pc=0x00007fa9512ca2f4 method=com.android.jack.backend.dex.annotations.ReflectAnnotationsAdder$Visitor.addThrows(Lcom/android/jack/ir/ast/JMethod;)V @ 73
Event: 4936,835 Thread 0x00007fa916580000 Uncommon trap: reason=class_check action=maybe_recompile pc=0x00007fa9512ca2f4 method=com.android.jack.backend.dex.annotations.ReflectAnnotationsAdder$Visitor.addThrows(Lcom/android/jack/ir/ast/JMethod;)V @ 73
Event: 4936,835 Thread 0x00007fa916580000 Uncommon trap: reason=class_check action=maybe_recompile pc=0x00007fa9512ca2f4 method=com.android.jack.backend.dex.annotations.ReflectAnnotationsAdder$Visitor.addThrows(Lcom/android/jack/ir/ast/JMethod;)V @ 73
Event: 4937,275 Thread 0x00007fa916580000 Uncommon trap: reason=unstable_if action=reinterpret pc=0x00007fa9501ad244 method=com.android.jack.optimizations.UnusedDefinitionRemover.run(Lcom/android/jack/ir/ast/JMethod;)V @ 4
Event: 4937,275 Thread 0x00007fa916580000 Uncommon trap: reason=unstable_if action=reinterpret pc=0x00007fa9511c9f38 method=com.android.jack.optimizations.IfWithConstantSimplifier.run(Lcom/android/jack/ir/ast/JMethod;)V @ 4
Event: 4937,275 Thread 0x00007fa916580000 Uncommon trap: reason=unstable_if action=reinterpret pc=0x00007fa950ac3db4 method=com.android.jack.analysis.UsedVariableRemover.run(Lcom/android/jack/ir/ast/JMethod;)V @ 4

Internal exceptions (10 events):
Event: 4703,657 Thread 0x00007fa914cca000 Implicit null exception at 0x00007fa95160a0e1 to 0x00007fa95160a162
Event: 4752,556 Thread 0x00007fa908aec000 Exception <a 'sun/nio/fs/UnixException'> (0x00000000e010a000) thrown at [/HUDSON/workspace/8-2-build-linux-amd64/jdk8u66/4988/hotspot/src/share/vm/prims/jni.cpp, line 709]
Event: 4753,025 Thread 0x00007fa914cca000 Implicit null exception at 0x00007fa9511b8492 to 0x00007fa9511b87e9
Event: 4753,031 Thread 0x00007fa914cca000 Implicit null exception at 0x00007fa9512140c7 to 0x00007fa9512143c1
Event: 4765,073 Thread 0x00007fa914cca000 Implicit null exception at 0x00007fa951739373 to 0x00007fa95173cda1
Event: 4771,139 Thread 0x00007fa908aec000 Exception <a 'sun/nio/fs/UnixException'> (0x00000000e40f0450) thrown at [/HUDSON/workspace/8-2-build-linux-amd64/jdk8u66/4988/hotspot/src/share/vm/prims/jni.cpp, line 709]
Event: 4863,882 Thread 0x00007fa908aec000 Exception <a 'sun/nio/fs/UnixException'> (0x00000000e882b7f0) thrown at [/HUDSON/workspace/8-2-build-linux-amd64/jdk8u66/4988/hotspot/src/share/vm/prims/jni.cpp, line 709]
Event: 4882,960 Thread 0x00007fa914547800 Implicit null exception at 0x00007fa950bf01ef to 0x00007fa950bf17e1
Event: 4891,922 Thread 0x00007fa91c0e3800 Implicit null exception at 0x00007fa95194221a to 0x00007fa951943fc5
Event: 4907,382 Thread 0x00007fa908aec000 Exception <a 'sun/nio/fs/UnixException'> (0x00000000e863d158) thrown at [/HUDSON/workspace/8-2-build-linux-amd64/jdk8u66/4988/hotspot/src/share/vm/prims/jni.cpp, line 709]

Events (10 events):
Event: 4949,730 Executing VM operation: ParallelGCFailedAllocation done
Event: 4949,744 Executing VM operation: RevokeBias
Event: 4949,744 Executing VM operation: RevokeBias done
Event: 4949,744 Executing VM operation: RevokeBias
Event: 4949,744 Executing VM operation: RevokeBias done
Event: 4949,744 Executing VM operation: RevokeBias
Event: 4949,747 Executing VM operation: RevokeBias done
Event: 4949,747 Executing VM operation: RevokeBias
Event: 4949,747 Executing VM operation: RevokeBias done
Event: 4950,330 Executing VM operation: ParallelGCFailedAllocation


Dynamic libraries:
00400000-00401000 r-xp 00000000 08:07 1708230                            /usr/lib/jvm/java-8-oracle/bin/java
00600000-00601000 rw-p 00000000 08:07 1708230                            /usr/lib/jvm/java-8-oracle/bin/java
00728000-00749000 rw-p 00000000 00:00 0                                  [heap]
a0000000-c3c80000 rw-p 00000000 00:00 0 
c8900000-e0000000 ---p 00000000 00:00 0 
e0000000-100000000 rw-p 00000000 00:00 0 
100000000-100d00000 rw-p 00000000 00:00 0 
100d00000-140000000 ---p 00000000 00:00 0 
7fa8e8000000-7fa8ec000000 rw-p 00000000 00:00 0 
7fa8f0000000-7fa8f3ffe000 rw-p 00000000 00:00 0 
7fa8f3ffe000-7fa8f4000000 ---p 00000000 00:00 0 
7fa8f8000000-7fa8fbff8000 rw-p 00000000 00:00 0 
7fa8fbff8000-7fa8fc000000 ---p 00000000 00:00 0 
7fa900000000-7fa903fff000 rw-p 00000000 00:00 0 
7fa903fff000-7fa904000000 ---p 00000000 00:00 0 
7fa905f8a000-7fa90614a000 rw-p 00000000 00:00 0 
7fa90614a000-7fa90618a000 ---p 00000000 00:00 0 
7fa90618a000-7fa90638a000 rw-p 00000000 00:00 0 
7fa90638a000-7fa90638d000 ---p 00000000 00:00 0 
7fa90638d000-7fa90658b000 rw-p 00000000 00:00 0                          [stack:10163]
7fa90658b000-7fa90658e000 ---p 00000000 00:00 0 
7fa90658e000-7fa90698c000 rw-p 00000000 00:00 0                          [stack:10164]
7fa90698c000-7fa906b8c000 rw-p 00000000 00:00 0 
7fa906b8c000-7fa906d8c000 rw-p 00000000 00:00 0 
7fa906d8c000-7fa906da3000 r-xp 00000000 08:07 2494685                    /lib/x86_64-linux-gnu/libresolv-2.19.so
7fa906da3000-7fa906fa3000 ---p 00017000 08:07 2494685                    /lib/x86_64-linux-gnu/libresolv-2.19.so
7fa906fa3000-7fa906fa4000 r--p 00017000 08:07 2494685                    /lib/x86_64-linux-gnu/libresolv-2.19.so
7fa906fa4000-7fa906fa5000 rw-p 00018000 08:07 2494685                    /lib/x86_64-linux-gnu/libresolv-2.19.so
7fa906fa5000-7fa906fa7000 rw-p 00000000 00:00 0 
7fa906fa7000-7fa906fac000 r-xp 00000000 08:07 2494638                    /lib/x86_64-linux-gnu/libnss_dns-2.19.so
7fa906fac000-7fa9071ab000 ---p 00005000 08:07 2494638                    /lib/x86_64-linux-gnu/libnss_dns-2.19.so
7fa9071ab000-7fa9071ac000 r--p 00004000 08:07 2494638                    /lib/x86_64-linux-gnu/libnss_dns-2.19.so
7fa9071ac000-7fa9071ad000 rw-p 00005000 08:07 2494638                    /lib/x86_64-linux-gnu/libnss_dns-2.19.so
7fa9071ad000-7fa9071df000 r-xp 00000000 08:07 1841130                    /usr/lib/jvm/java-8-oracle/jre/lib/amd64/libsunec.so
7fa9071df000-7fa9073de000 ---p 00032000 08:07 1841130                    /usr/lib/jvm/java-8-oracle/jre/lib/amd64/libsunec.so
7fa9073de000-7fa9073e4000 rw-p 00031000 08:07 1841130                    /usr/lib/jvm/java-8-oracle/jre/lib/amd64/libsunec.so
7fa9073e4000-7fa9073f4000 rw-p 00000000 00:00 0 
7fa9073f4000-7fa9073f7000 ---p 00000000 00:00 0 
7fa9073f7000-7fa9074f5000 rw-p 00000000 00:00 0 
7fa9075f6000-7fa9075f9000 ---p 00000000 00:00 0 
7fa9075f9000-7fa9076f7000 rw-p 00000000 00:00 0                          [stack:7888]
7fa9076f7000-7fa9076fa000 ---p 00000000 00:00 0 
7fa9076fa000-7fa9077f8000 rw-p 00000000 00:00 0                          [stack:7910]
7fa9077f8000-7fa9077fb000 ---p 00000000 00:00 0 
7fa9077fb000-7fa9078f9000 rw-p 00000000 00:00 0 
7fa9078f9000-7fa9078fc000 ---p 00000000 00:00 0 
7fa9078fc000-7fa9079fa000 rw-p 00000000 00:00 0 
7fa907afb000-7fa907afe000 ---p 00000000 00:00 0 
7fa907afe000-7fa907bfc000 rw-p 00000000 00:00 0 
7fa907bfc000-7fa907bff000 ---p 00000000 00:00 0 
7fa907bff000-7fa907cfd000 rw-p 00000000 00:00 0                          [stack:7901]
7fa907dfe000-7fa907e01000 ---p 00000000 00:00 0 
7fa907e01000-7fa907eff000 rw-p 00000000 00:00 0 
7fa907eff000-7fa907f02000 ---p 00000000 00:00 0 
7fa907f02000-7fa908000000 rw-p 00000000 00:00 0                          [stack:7887]
7fa908000000-7fa9094c0000 rw-p 00000000 00:00 0 
7fa9094c0000-7fa90c000000 ---p 00000000 00:00 0 
7fa90c0a8000-7fa90c0ab000 ---p 00000000 00:00 0 
7fa90c0ab000-7fa90c1a9000 rw-p 00000000 00:00 0 
7fa90c2aa000-7fa90c2ad000 ---p 00000000 00:00 0 
7fa90c2ad000-7fa90c5ab000 rw-p 00000000 00:00 0 
7fa90c5ab000-7fa90c5ae000 ---p 00000000 00:00 0 
7fa90c5ae000-7fa90c6ac000 rw-p 00000000 00:00 0 
7fa90c7ad000-7fa90c7b0000 ---p 00000000 00:00 0 
7fa90c7b0000-7fa90c7e6000 rw-p 00000000 00:00 0 
7fa90c7e8000-7fa90c9e8000 rw-p 00000000 00:00 0 
7fa90c9e8000-7fa90c9eb000 ---p 00000000 00:00 0 
7fa90c9eb000-7fa90cae9000 rw-p 00000000 00:00 0 
7fa90cae9000-7fa90caec000 ---p 00000000 00:00 0 
7fa90caec000-7fa90cbea000 rw-p 00000000 00:00 0 
7fa90cbec000-7fa90cdec000 rw-p 00000000 00:00 0 
7fa90cdec000-7fa90cdef000 ---p 00000000 00:00 0 
7fa90cdef000-7fa90ceed000 rw-p 00000000 00:00 0 
7fa90ceed000-7fa90cef0000 ---p 00000000 00:00 0 
7fa90cef0000-7fa90cf26000 rw-p 00000000 00:00 0 
7fa90cf26000-7fa90cf29000 ---p 00000000 00:00 0 
7fa90cf29000-7fa90d027000 rw-p 00000000 00:00 0 
7fa90d128000-7fa90d12b000 ---p 00000000 00:00 0 
7fa90d12b000-7fa90d161000 rw-p 00000000 00:00 0 
7fa90d161000-7fa90d164000 ---p 00000000 00:00 0 
7fa90d164000-7fa90d262000 rw-p 00000000 00:00 0 
7fa90d262000-7fa90d265000 ---p 00000000 00:00 0 
7fa90d265000-7fa90d363000 rw-p 00000000 00:00 0 
7fa90d49d000-7fa90d4a0000 ---p 00000000 00:00 0 
7fa90d4a0000-7fa90d59e000 rw-p 00000000 00:00 0 
7fa90d614000-7fa90d814000 rw-p 00000000 00:00 0 
7fa90d915000-7fa90db15000 rw-p 00000000 00:00 0 
7fa90dc18000-7fa90de18000 rw-p 00000000 00:00 0 
7fa90de18000-7fa90de1b000 ---p 00000000 00:00 0 
7fa90de1b000-7fa90df19000 rw-p 00000000 00:00 0 
7fa90df19000-7fa90df1c000 ---p 00000000 00:00 0 
7fa90df1c000-7fa90e01a000 rw-p 00000000 00:00 0 
7fa90e01a000-7fa90e01d000 ---p 00000000 00:00 0 
7fa90e01d000-7fa90e11b000 rw-p 00000000 00:00 0 
7fa90e11b000-7fa90e11e000 ---p 00000000 00:00 0 
7fa90e11e000-7fa90e154000 rw-p 00000000 00:00 0 
7fa90e255000-7fa90e258000 ---p 00000000 00:00 0 
7fa90e258000-7fa90e356000 rw-p 00000000 00:00 0 
7fa90e356000-7fa90e359000 ---p 00000000 00:00 0 
7fa90e359000-7fa90e38f000 rw-p 00000000 00:00 0 
7fa90e38f000-7fa90e392000 ---p 00000000 00:00 0 
7fa90e392000-7fa90e3c8000 rw-p 00000000 00:00 0 
7fa90e41e000-7fa90e421000 ---p 00000000 00:00 0 
7fa90e421000-7fa90e457000 rw-p 00000000 00:00 0 
7fa90e4e0000-7fa90e5ca000 r--s 015ed000 08:07 3542065                    /home/igor/Android/Sdk/platforms/android-23/android.jar
7fa90e5ca000-7fa90e5cd000 ---p 00000000 00:00 0 
7fa90e5cd000-7fa90e603000 rw-p 00000000 00:00 0 
7fa90e603000-7fa90e606000 ---p 00000000 00:00 0 
7fa90e606000-7fa90e704000 rw-p 00000000 00:00 0 
7fa90e74a000-7fa90e805000 r--s 00a1c000 08:07 1709659                    /home/igor/Android/Sdk/build-tools/24.0.0/jack.jar
7fa90e840000-7fa90ea40000 rw-p 00000000 00:00 0 
7fa90ea40000-7fa90ea43000 ---p 00000000 00:00 0 
7fa90ea43000-7fa90eb41000 rw-p 00000000 00:00 0 
7fa90eb41000-7fa90eb44000 ---p 00000000 00:00 0 
7fa90eb44000-7fa90ec42000 rw-p 00000000 00:00 0 
7fa90ec42000-7fa90ec45000 ---p 00000000 00:00 0 
7fa90ec45000-7fa90ed43000 rw-p 00000000 00:00 0                          [stack:10161]
7fa90ed43000-7fa90ed46000 ---p 00000000 00:00 0 
7fa90ed46000-7fa90ee44000 rw-p 00000000 00:00 0 
7fa90ee48000-7fa90ee4b000 ---p 00000000 00:00 0 
7fa90ee4b000-7fa90f149000 rw-p 00000000 00:00 0 
7fa90f149000-7fa90f349000 rw-p 00000000 00:00 0 
7fa90f349000-7fa90f34c000 ---p 00000000 00:00 0 
7fa90f34c000-7fa90f44a000 rw-p 00000000 00:00 0 
7fa90f44a000-7fa90f44d000 ---p 00000000 00:00 0 
7fa90f44d000-7fa90f54b000 rw-p 00000000 00:00 0 
7fa90f54b000-7fa90f54e000 ---p 00000000 00:00 0 
7fa90f54e000-7fa90f64c000 rw-p 00000000 00:00 0 
7fa90f685000-7fa90f688000 ---p 00000000 00:00 0 
7fa90f688000-7fa90f6be000 rw-p 00000000 00:00 0 
7fa90f6be000-7fa90f6c1000 ---p 00000000 00:00 0 
7fa90f6c1000-7fa90f7bf000 rw-p 00000000 00:00 0 
7fa90f7fa000-7fa90f7fd000 ---p 00000000 00:00 0 
7fa90f7fd000-7fa90f8fb000 rw-p 00000000 00:00 0 
7fa90f8fd000-7fa90f900000 ---p 00000000 00:00 0 
7fa90f900000-7fa90fbfe000 rw-p 00000000 00:00 0 
7fa90fbfe000-7fa90fdfe000 rw-p 00000000 00:00 0 
7fa90fdfe000-7fa90fe01000 ---p 00000000 00:00 0 
7fa90fe01000-7fa90feff000 rw-p 00000000 00:00 0 
7fa90feff000-7fa90ff02000 ---p 00000000 00:00 0 
7fa90ff02000-7fa910000000 rw-p 00000000 00:00 0 
7fa910000000-7fa910066000 rw-p 00000000 00:00 0 
7fa910066000-7fa914000000 ---p 00000000 00:00 0 
7fa914000000-7fa918000000 rw-p 00000000 00:00 0 
7fa918000000-7fa918025000 rw-p 00000000 00:00 0 
7fa918025000-7fa91c000000 ---p 00000000 00:00 0 
7fa91c000000-7fa91c3e1000 rw-p 00000000 00:00 0 
7fa91c3e1000-7fa920000000 ---p 00000000 00:00 0 
7fa92001d000-7fa920020000 ---p 00000000 00:00 0 
7fa920020000-7fa920256000 rw-p 00000000 00:00 0 
7fa920256000-7fa920456000 rw-p 00000000 00:00 0 
7fa920456000-7fa920656000 rw-p 00000000 00:00 0 
7fa920656000-7fa920856000 rw-p 00000000 00:00 0 
7fa920856000-7fa920a56000 rw-p 00000000 00:00 0 
7fa920a56000-7fa920c56000 rw-p 00000000 00:00 0 
7fa920c56000-7fa920e56000 rw-p 00000000 00:00 0 
7fa920e56000-7fa921056000 rw-p 00000000 00:00 0 
7fa921056000-7fa921256000 rw-p 00000000 00:00 0 
7fa921256000-7fa921456000 rw-p 00000000 00:00 0 
7fa921456000-7fa921656000 rw-p 00000000 00:00 0 
7fa921656000-7fa921856000 rw-p 00000000 00:00 0 
7fa921856000-7fa921859000 ---p 00000000 00:00 0 
7fa921859000-7fa921b57000 rw-p 00000000 00:00 0                          [stack:3513]
7fa921b57000-7fa921b82000 r--s 001fc000 08:07 4606408                    /home/igor/Рабочий стол/android-studio/gradle/m2repository/com/google/guava/guava/18.0/guava-18.0.jar
7fa921b82000-7fa921b83000 r--s 00001000 08:07 4731203                    /home/igor/Рабочий стол/android-studio/gradle/m2repository/com/android/tools/annotations/25.2.0-beta1/annotations-25.2.0-beta1.jar
7fa921b83000-7fa921b95000 r--s 000b3000 08:07 4987933                    /home/igor/Рабочий стол/android-studio/gradle/m2repository/com/android/tools/external/com-intellij/uast/145.597.3/uast-145.597.3.jar
7fa921b95000-7fa921b9d000 r--s 000a8000 08:07 4987919                    /home/igor/Рабочий стол/android-studio/gradle/m2repository/com/android/tools/external/lombok/lombok-ast/0.2.3/lombok-ast-0.2.3.jar
7fa921b9d000-7fa921b9f000 r--s 0000d000 08:07 4606429                    /home/igor/Рабочий стол/android-studio/gradle/m2repository/commons-codec/commons-codec/1.4/commons-codec-1.4.jar
7fa921b9f000-7fa921ba1000 r--s 0000d000 08:07 4467432                    /home/igor/Рабочий стол/android-studio/gradle/m2repository/commons-logging/commons-logging/1.1.1/commons-logging-1.1.1.jar
7fa921ba1000-7fa921ba6000 r--s 00028000 08:07 4467423                    /home/igor/Рабочий стол/android-studio/gradle/m2repository/org/apache/httpcomponents/httpcore/4.1/httpcore-4.1.jar
7fa921ba6000-7fa921baa000 r--s 0002f000 08:07 4606374                    /home/igor/Рабочий стол/android-studio/gradle/m2repository/com/google/jimfs/jimfs/1.1/jimfs-1.1.jar
7fa921baa000-7fa921bab000 r--s 00004000 08:07 5380673                    /home/igor/Рабочий стол/android-studio/gradle/m2repository/com/intellij/annotations/12.0/annotations-12.0.jar
7fa921bab000-7fa921bac000 r--s 00004000 08:07 4071762                    /home/igor/Рабочий стол/android-studio/gradle/m2repository/org/ow2/asm/asm-analysis/5.0.4/asm-analysis-5.0.4.jar
7fa921bac000-7fa921bb0000 r--s 0003b000 08:07 4857862                    /home/igor/Рабочий стол/android-studio/gradle/m2repository/com/android/tools/lint/lint-api/25.2.0-beta1/lint-api-25.2.0-beta1.jar
7fa921bb0000-7fa921bb1000 r--s 0000a000 08:07 4467441                    /home/igor/Рабочий стол/android-studio/gradle/m2repository/net/sf/kxml/kxml2/2.3.0/kxml2-2.3.0.jar
7fa921bb1000-7fa921bb3000 r--s 00005000 08:07 4467414                    /home/igor/Рабочий стол/android-studio/gradle/m2repository/org/apache/httpcomponents/httpmime/4.1/httpmime-4.1.jar
7fa921bb3000-7fa921bbb000 r--s 0004e000 08:07 4467403                    /home/igor/Рабочий стол/android-studio/gradle/m2repository/org/apache/httpcomponents/httpclient/4.1.1/httpclient-4.1.1.jar
7fa921bbb000-7fa921bc2000 r--s 00053000 08:07 4197015                    /home/igor/Рабочий стол/android-studio/gradle/m2repository/org/apache/commons/commons-compress/1.8.1/commons-compress-1.8.1.jar
7fa921bc2000-7fa921bc7000 r--s 0002a000 08:07 4606383                    /home/igor/Рабочий стол/android-studio/gradle/m2repository/com/google/code/gson/gson/2.2.4/gson-2.2.4.jar
7fa921bc7000-7fa921bcc000 r--s 0002d000 08:07 4987869                    /home/igor/Рабочий стол/android-studio/gradle/m2repository/com/android/tools/repository/25.2.0-beta1/repository-25.2.0-beta1.jar
7fa921bcc000-7fa921bcd000 r--s 00005000 08:07 4731175                    /home/igor/Рабочий стол/android-studio/gradle/m2repository/com/android/tools/dvlib/25.2.0-beta1/dvlib-25.2.0-beta1.jar
7fa921bcd000-7fa921bd0000 r--s 00014000 08:07 5380617                    /home/igor/Рабочий стол/android-studio/gradle/m2repository/com/android/tools/layoutlib/layoutlib-api/25.2.0-beta1/layoutlib-api-25.2.0-beta1.jar
7fa921bd0000-7fa921bd5000 r--s 00058000 08:07 3937543                    /home/igor/Рабочий стол/android-studio/gradle/m2repository/org/ow2/asm/asm-debug-all/5.0.1/asm-debug-all-5.0.1.jar
7fa921bd5000-7fa921be5000 r--s 000d6000 08:07 4467459                    /home/igor/Рабочий стол/android-studio/gradle/m2repository/net/sf/proguard/proguard-base/5.2.1/proguard-base-5.2.1.jar
7fa921be5000-7fa921be8000 r--s 00033000 08:07 4731148                    /home/igor/Рабочий стол/android-studio/gradle/m2repository/com/googlecode/juniversalchardet/juniversalchardet/1.0.3/juniversalchardet-1.0.3.jar
7fa921be8000-7fa921bec000 r--s 0002a000 08:07 3937456                    /home/igor/Рабочий стол/android-studio/gradle/m2repository/commons-io/commons-io/2.4/commons-io-2.4.jar
7fa921bec000-7fa921c03000 r--s 00154000 08:07 4071788                    /home/igor/Рабочий стол/android-studio/gradle/m2repository/org/antlr/antlr4/4.5.3/antlr4-4.5.3.jar
7fa921c03000-7fa921c04000 r--s 00002000 08:07 5380650                    /home/igor/Рабочий стол/android-studio/gradle/m2repository/com/android/databinding/baseLibrary/2.2.0-beta1/baseLibrary-2.2.0-beta1.jar
7fa921c04000-7fa921c17000 r--s 00236000 08:07 4196996                    /home/igor/Рабочий стол/android-studio/gradle/m2repository/org/eclipse/jdt/core/compiler/ecj/4.5.1/ecj-4.5.1.jar
7fa921c17000-7fa921c1e000 r--s 000c3000 08:07 4857916                    /home/igor/Рабочий стол/android-studio/gradle/m2repository/com/android/tools/lint/lint-checks/25.2.0-beta1/lint-checks-25.2.0-beta1.jar
7fa921c1e000-7fa921c20000 r--s 00006000 08:07 3937525                    /home/igor/Рабочий стол/android-studio/gradle/m2repository/org/ow2/asm/asm-tree/5.0.4/asm-tree-5.0.4.jar
7fa921c20000-7fa921c53000 r--s 00203000 08:07 4197007                    /home/igor/Рабочий стол/android-studio/gradle/m2repository/org/bouncycastle/bcprov-jdk15on/1.48/bcprov-jdk15on-1.48.jar
7fa921c53000-7fa921c61000 r--s 00081000 08:07 4197002                    /home/igor/Рабочий стол/android-studio/gradle/m2repository/org/bouncycastle/bcpkix-jdk15on/1.48/bcpkix-jdk15on-1.48.jar
7fa921c61000-7fa921c63000 r--s 00002000 08:07 5380669                    /home/igor/Рабочий стол/android-studio/gradle/m2repository/com/squareup/javawriter/2.5.0/javawriter-2.5.0.jar
7fa921c63000-7fa921c64000 r--s 00002000 08:07 5115776                    /home/igor/Рабочий стол/android-studio/gradle/m2repository/com/android/tools/analytics-library/tracker/25.2.0-beta1/tracker-25.2.0-beta1.jar
7fa921c64000-7fa921c66000 r--s 00003000 08:07 5115786                    /home/igor/Рабочий стол/android-studio/gradle/m2repository/com/android/tools/analytics-library/shared/25.2.0-beta1/shared-25.2.0-beta1.jar
7fa921c66000-7fa921c73000 r--s 000ed000 08:07 5115765                    /home/igor/Рабочий стол/android-studio/gradle/m2repository/com/android/tools/analytics-library/protos/25.2.0-beta1/protos-25.2.0-beta1.jar
7fa921c73000-7fa921c74000 r--s 00001000 08:07 4731219                    /home/igor/Рабочий стол/android-studio/gradle/m2repository/com/android/tools/jill/jill-api/0.10.0/jill-api-0.10.0.jar
7fa921c74000-7fa921c76000 r--s 00003000 08:07 4987885                    /home/igor/Рабочий стол/android-studio/gradle/m2repository/com/android/tools/jack/jack-api/0.11.0/jack-api-0.11.0.jar
7fa921c76000-7fa921c7b000 r--s 0004a000 08:07 4987910                    /home/igor/Рабочий стол/android-studio/gradle/m2repository/com/android/tools/ddms/ddmlib/25.2.0-beta1/ddmlib-25.2.0-beta1.jar
7fa921c7b000-7fa921c7e000 r--s 00021000 08:07 5248804                    /home/igor/Рабочий стол/android-studio/gradle/m2repository/com/android/tools/build/manifest-merger/25.2.0-beta1/manifest-merger-25.2.0-beta1.jar
7fa921c7e000-7fa921c80000 r--s 0001c000 08:07 5115752                    /home/igor/Рабочий стол/android-studio/gradle/m2repository/com/android/tools/common/25.2.0-beta1/common-25.2.0-beta1.jar
7fa921c80000-7fa921c89000 r--s 00081000 08:07 5115725                    /home/igor/Рабочий стол/android-studio/gradle/m2repository/com/android/tools/sdk-common/25.2.0-beta1/sdk-common-25.2.0-beta1.jar
7fa921c89000-7fa921c93000 r--s 0008e000 08:07 4857836                    /home/igor/Рабочий стол/android-studio/gradle/m2repository/com/android/tools/sdklib/25.2.0-beta1/sdklib-25.2.0-beta1.jar
7fa921c93000-7fa921c94000 r--s 00002000 08:07 5248883                    /home/igor/Рабочий стол/android-studio/gradle/m2repository/com/android/tools/build/builder-test-api/2.2.0-beta1/builder-test-api-2.2.0-beta1.jar
7fa921c94000-7fa921c97000 r--s 00005000 08:07 5248843                    /home/igor/Рабочий стол/android-studio/gradle/m2repository/com/android/tools/build/builder-model/2.2.0-beta1/builder-model-2.2.0-beta1.jar
7fa921c97000-7fa921c9f000 r--s 0007b000 08:07 4606365                    /home/igor/Рабочий стол/android-studio/gradle/m2repository/com/google/protobuf/protobuf-java/2.5.0/protobuf-java-2.5.0.jar
7fa921c9f000-7fa921ca1000 r--s 0000f000 08:07 4467448                    /home/igor/Рабочий стол/android-studio/gradle/m2repository/net/sf/jopt-simple/jopt-simple/4.9/jopt-simple-4.9.jar
7fa921ca1000-7fa921ca5000 r--s 0001f000 08:07 4071808                    /home/igor/Рабочий стол/android-studio/gradle/m2repository/org/jacoco/org.jacoco.report/0.7.5.201505241946/org.jacoco.report-0.7.5.201505241946.jar
7fa921ca5000-7fa921ca9000 r--s 0001d000 08:07 4196971                    /home/igor/Рабочий стол/android-studio/gradle/m2repository/org/jacoco/org.jacoco.core/0.7.5.201505241946/org.jacoco.core-0.7.5.201505241946.jar
7fa921ca9000-7fa921caa000 r--s 00002000 08:07 4606351                    /home/igor/Рабочий стол/android-studio/gradle/m2repository/net/sf/proguard/proguard-gradle/5.2.1/proguard-gradle-5.2.1.jar
7fa921caa000-7fa921cac000 r--s 00009000 08:07 3937549                    /home/igor/Рабочий стол/android-studio/gradle/m2repository/org/ow2/asm/asm-commons/5.0.4/asm-commons-5.0.4.jar
7fa921cac000-7fa921cae000 r--s 0000c000 08:07 3937503                    /home/igor/Рабочий стол/android-studio/gradle/m2repository/org/ow2/asm/asm/5.0.4/asm-5.0.4.jar
7fa921cae000-7fa921cb2000 r--s 0002b000 08:07 5380627                    /home/igor/Рабочий стол/android-studio/gradle/m2repository/com/android/databinding/compilerCommon/2.2.0-beta1/compilerCommon-2.2.0-beta1.jar
7fa921cb2000-7fa921cc9000 r--s 0015b000 08:07 5248823                    /home/igor/Рабочий стол/android-studio/gradle/m2repository/com/android/tools/build/builder/2.2.0-beta1/builder-2.2.0-beta1.jar
7fa921cc9000-7fa921ce5000 r--s 00196000 08:07 5248777                    /home/igor/Рабочий стол/android-studio/gradle/m2repository/com/android/tools/build/gradle-core/2.2.0-beta1/gradle-core-2.2.0-beta1.jar
7fa921ce5000-7fa921ee5000 rw-p 00000000 00:00 0 
7fa921ee5000-7fa921ef7000 r--s 00345000 08:07 1708306                    /usr/lib/jvm/java-8-oracle/jre/lib/resources.jar
7fa921ef7000-7fa9220f7000 rw-p 00000000 00:00 0 
7fa9220f7000-7fa9222f7000 rw-p 00000000 00:00 0 
7fa922330000-7fa922530000 rw-p 00000000 00:00 0 
7fa922530000-7fa922730000 rw-p 00000000 00:00 0 
7fa922769000-7fa9227b9000 r--s 00442000 08:07 524383                     /tmp/jill-1471523138476-0.jack
7fa9227b9000-7fa9227ba000 r--s 00002000 08:07 5115799                    /home/igor/Рабочий стол/android-studio/gradle/m2repository/com/android/tools/build/gradle-api/2.2.0-beta1/gradle-api-2.2.0-beta1.jar
7fa9227ba000-7fa9227bb000 r--s 00000000 08:07 5380592                    /home/igor/Рабочий стол/android-studio/gradle/m2repository/com/android/tools/build/transform-api/2.0.0-deprecated-use-gradle-api/transform-api-2.0.0-deprecated-use-gradle-api.jar
7fa9227bb000-7fa9227c0000 r--s 00052000 08:07 4857890                    /home/igor/Рабочий стол/android-studio/gradle/m2repository/com/android/tools/lint/lint/25.2.0-beta1/lint-25.2.0-beta1.jar
7fa9227c0000-7fa9227c2000 r--s 0000d000 08:07 5248864                    /home/igor/Рабочий стол/android-studio/gradle/m2repository/com/android/tools/build/gradle/2.2.0-beta1/gradle-2.2.0-beta1.jar
7fa9227ed000-7fa9227ee000 r--p 00000000 00:00 0 
7fa9227ee000-7fa9227f3000 r--s 0007a000 08:07 4339960                    /home/igor/Рабочий стол/android-studio/plugins/gradle/lib/gradle-tooling-extension-impl.jar
7fa9227f8000-7fa922868000 r--s 00643000 08:07 4197198                    /home/igor/Рабочий стол/android-studio/lib/groovy-all-2.4.6.jar
7fa922868000-7fa922a68000 rw-p 00000000 00:00 0 
7fa922a68000-7fa922a6b000 ---p 00000000 00:00 0 
7fa922a6b000-7fa922d69000 rw-p 00000000 00:00 0                          [stack:3510]
7fa922d69000-7fa922f69000 rw-p 00000000 00:00 0 
7fa922f69000-7fa923169000 rw-p 00000000 00:00 0 
7fa923169000-7fa9231e1000 r--s 010e3000 08:07 1450054                    /usr/lib/jvm/java-8-oracle/lib/tools.jar
7fa9231ef000-7fa9231f0000 rw-p 00000000 00:00 0 
7fa9231f0000-7fa9231f1000 r--s 00002000 08:07 4197039                    /home/igor/Рабочий стол/android-studio/lib/external-system-rt.jar
7fa9231f1000-7fa923219000 r--s 001cf000 08:07 4339944                    /home/igor/Рабочий стол/android-studio/plugins/gradle/lib/guava-jdk5-17.0.jar
7fa923219000-7fa92321b000 r--s 0000b000 08:07 4339939                    /home/igor/Рабочий стол/android-studio/plugins/gradle/lib/gradle-tooling-extension-api.jar
7fa92321b000-7fa923220000 r--s 00034000 08:07 4197145                    /home/igor/Рабочий стол/android-studio/lib/gson-2.5.jar
7fa923220000-7fa923221000 r--s 00000000 08:07 3020166                    /home/igor/.gradle/caches/jars-1/dg22azhabc6tsc1i8xni15giz1bnssh/gradle-appengine-builder-model-0.1.0.jar
7fa923221000-7fa923224000 r--s 00005000 08:07 3281701                    /home/igor/.gradle/caches/jars-1/aembewtwr3e7s6a0xkzh7au0nqprc8i/builder-model-2.2.0-alpha6.jar
7fa923224000-7fa923225000 r--s 00002000 08:07 3281699                    /home/igor/.gradle/caches/jars-1/p32pezp6snfmluqh0ff7erg8absftu0/external-system-rt.jar
7fa923225000-7fa923227000 r--s 0000b000 08:07 3281697                    /home/igor/.gradle/caches/jars-1/ek60o8hnxo30o2amj7fm17qlpvmem8d/gradle-tooling-extension-api.jar
7fa923227000-7fa923234000 r--s 0017f000 08:07 3281695                    /home/igor/.gradle/caches/jars-1/sc147qr28kdhrub776zvt7jzp8jpzxo/velocity.jar
7fa923234000-7fa92326b000 r--s 001bd000 08:07 3281693                    /home/igor/.gradle/caches/jars-1/2xkn8y4g49ep3x2f5cg5s5a2xqtca3v/gradle-core-2.14.1.jar
7fa92326b000-7fa923293000 r--s 001cf000 08:07 3020158                    /home/igor/.gradle/caches/jars-1/87eo0lrvp84r6dbxjq018wy66es2era/guava-jdk5-17.0.jar
7fa923293000-7fa92329b000 r--s 0003a000 08:07 3281691                    /home/igor/.gradle/caches/jars-1/fdivu3ta8l5xdemt5omuo26ei8xpixu/gradle-base-services-2.14.1.jar
7fa92329b000-7fa9232a9000 r--s 0004f000 08:07 3281689                    /home/igor/.gradle/caches/jars-1/lx7cd34m09bn56fdke7xikr221f6475/gradle-tooling-api-2.14.1.jar
7fa9232a9000-7fa9232af000 r--s 0003f000 08:07 1840989                    /usr/lib/jvm/java-8-oracle/jre/lib/ext/sunjce_provider.jar
7fa9232af000-7fa9232b0000 r--s 00009000 08:07 1840983                    /usr/lib/jvm/java-8-oracle/jre/lib/ext/sunec.jar
7fa9232b0000-7fa9232b3000 r--s 0001a000 08:07 1708281                    /usr/lib/jvm/java-8-oracle/jre/lib/jce.jar
7fa9232b3000-7fa9232e2000 r--p 00000000 08:07 1837409                    /usr/share/locale-langpack/ru/LC_MESSAGES/libc.mo
7fa9232e2000-7fa9232e5000 ---p 00000000 00:00 0 
7fa9232e5000-7fa9233e3000 rw-p 00000000 00:00 0                          [stack:9987]
7fa9233e3000-7fa9233e6000 ---p 00000000 00:00 0 
7fa9233e6000-7fa9234e4000 rw-p 00000000 00:00 0                          [stack:9339]
7fa9234e4000-7fa9234e7000 ---p 00000000 00:00 0 
7fa9234e7000-7fa9235e5000 rw-p 00000000 00:00 0                          [stack:9983]
7fa9235e5000-7fa9235e8000 ---p 00000000 00:00 0 
7fa9235e8000-7fa9236e6000 rw-p 00000000 00:00 0                          [stack:9342]
7fa9236e6000-7fa9236e9000 ---p 00000000 00:00 0 
7fa9236e9000-7fa9239e7000 rw-p 00000000 00:00 0                          [stack:9985]
7fa9239e7000-7fa9239ee000 r--s 00000000 08:07 1573266                    /usr/lib/x86_64-linux-gnu/gconv/gconv-modules.cache
7fa9239ee000-7fa9239f1000 ---p 00000000 00:00 0 
7fa9239f1000-7fa923aef000 rw-p 00000000 00:00 0                          [stack:3501]
7fa923aef000-7fa923af2000 ---p 00000000 00:00 0 
7fa923af2000-7fa923bf0000 rw-p 00000000 00:00 0                          [stack:3500]
7fa923bf0000-7fa923bf8000 r-xp 00000000 08:07 1841123                    /usr/lib/jvm/java-8-oracle/jre/lib/amd64/libmanagement.so
7fa923bf8000-7fa923df8000 ---p 00008000 08:07 1841123                    /usr/lib/jvm/java-8-oracle/jre/lib/amd64/libmanagement.so
7fa923df8000-7fa923df9000 rw-p 00008000 08:07 1841123                    /usr/lib/jvm/java-8-oracle/jre/lib/amd64/libmanagement.so
7fa923df9000-7fa923dfe000 r--s 00096000 08:07 1708243                    /usr/lib/jvm/java-8-oracle/jre/lib/jsse.jar
7fa923dfe000-7fa923e00000 r--s 00007000 08:07 3942033                    /home/igor/Рабочий стол/android-studio/gradle/gradle-2.14.1/lib/plugins/gradle-tooling-api-builders-2.14.1.jar
7fa923e00000-7fa923e03000 r--s 00008000 08:07 3942059                    /home/igor/Рабочий стол/android-studio/gradle/gradle-2.14.1/lib/plugins/gradle-testing-native-2.14.1.jar
7fa923e03000-7fa923e05000 r--s 00009000 08:07 3942039                    /home/igor/Рабочий стол/android-studio/gradle/gradle-2.14.1/lib/plugins/hamcrest-core-1.3.jar
7fa923e05000-7fa923e0b000 r--s 00033000 08:07 3937572                    /home/igor/Рабочий стол/android-studio/gradle/gradle-2.14.1/lib/plugins/snakeyaml-1.6.jar
7fa923e0b000-7fa923e0d000 r--s 00006000 08:07 3942276                    /home/igor/Рабочий стол/android-studio/gradle/gradle-2.14.1/lib/plugins/jcommander-1.12.jar
7fa923e0d000-7fa923e12000 r--s 00040000 08:07 3942013                    /home/igor/Рабочий стол/android-studio/gradle/gradle-2.14.1/lib/plugins/bsh-2.0b4.jar
7fa923e12000-7fa923e1b000 r--s 00089000 08:07 3942269                    /home/igor/Рабочий стол/android-studio/gradle/gradle-2.14.1/lib/plugins/testng-6.3.1.jar
7fa923e1b000-7fa923e23000 r--s 00045000 08:07 3942056                    /home/igor/Рабочий стол/android-studio/gradle/gradle-2.14.1/lib/plugins/junit-4.12.jar
7fa923e23000-7fa923e29000 r--s 0002e000 08:07 3942260                    /home/igor/Рабочий стол/android-studio/gradle/gradle-2.14.1/lib/plugins/gradle-testing-jvm-2.14.1.jar
7fa923e29000-7fa923e2e000 r--s 00015000 08:07 3942040                    /home/igor/Рабочий стол/android-studio/gradle/gradle-2.14.1/lib/plugins/gradle-testing-base-2.14.1.jar
7fa923e2e000-7fa923e2f000 r--s 00002000 08:07 3942026                    /home/igor/Рабочий стол/android-studio/gradle/gradle-2.14.1/lib/plugins/sonar-batch-bootstrapper-2.9.jar
7fa923e2f000-7fa923e32000 r--s 00015000 08:07 3942273                    /home/igor/Рабочий стол/android-studio/gradle/gradle-2.14.1/lib/plugins/gradle-sonar-2.14.1.jar
7fa923e32000-7fa923e39000 r--s 00038000 08:07 3942067                    /home/igor/Рабочий стол/android-studio/gradle/gradle-2.14.1/lib/plugins/bcpg-jdk15on-1.51.jar
7fa923e39000-7fa923e3b000 r--s 0000d000 08:07 3942274                    /home/igor/Рабочий стол/android-studio/gradle/gradle-2.14.1/lib/plugins/gradle-signing-2.14.1.jar
7fa923e3b000-7fa923e3e000 r--s 00009000 08:07 3942049                    /home/igor/Рабочий стол/android-studio/gradle/gradle-2.14.1/lib/plugins/gradle-scala-2.14.1.jar
7fa923e3e000-7fa923e3f000 r--s 00004000 08:07 3942061                    /home/igor/Рабочий стол/android-studio/gradle/gradle-2.14.1/lib/plugins/gradle-resources-sftp-2.14.1.jar
7fa923e3f000-7fa923e4f000 r--s 00088000 08:07 3942034                    /home/igor/Рабочий стол/android-studio/gradle/gradle-2.14.1/lib/plugins/joda-time-2.8.2.jar
7fa923e4f000-7fa923e60000 r--s 000cf000 08:07 3942046                    /home/igor/Рабочий стол/android-studio/gradle/gradle-2.14.1/lib/plugins/jackson-databind-2.3.2.jar
7fa923e60000-7fa923e62000 r--s 00007000 08:07 3942062                    /home/igor/Рабочий стол/android-studio/gradle/gradle-2.14.1/lib/plugins/jackson-annotations-2.3.2.jar
7fa923e62000-7fa923e65000 r--s 0002e000 08:07 3942262                    /home/igor/Рабочий стол/android-studio/gradle/gradle-2.14.1/lib/plugins/jackson-core-2.3.2.jar
7fa923e65000-7fa923e70000 r--s 0006b000 08:07 3942014                    /home/igor/Рабочий стол/android-studio/gradle/gradle-2.14.1/lib/plugins/aws-java-sdk-core-1.9.19.jar
7fa923e70000-7fa923e76000 r--s 00036000 08:07 3942284                    /home/igor/Рабочий стол/android-studio/gradle/gradle-2.14.1/lib/plugins/aws-java-sdk-kms-1.9.19.jar
7fa923e76000-7fa923e81000 r--s 00079000 08:07 3942010                    /home/igor/Рабочий стол/android-studio/gradle/gradle-2.14.1/lib/plugins/aws-java-sdk-s3-1.9.19.jar
7fa923e81000-7fa923e82000 r--s 00003000 08:07 3942289                    /home/igor/Рабочий стол/android-studio/gradle/gradle-2.14.1/lib/plugins/gradle-resources-s3-2.14.1.jar
7fa923e82000-7fa923e84000 r--s 00005000 08:07 3942015                    /home/igor/Рабочий стол/android-studio/gradle/gradle-2.14.1/lib/plugins/jatl-0.2.2.jar
7fa923e84000-7fa923e86000 r--s 0000f000 08:07 3942017                    /home/igor/Рабочий стол/android-studio/gradle/gradle-2.14.1/lib/plugins/gradle-reporting-2.14.1.jar
7fa923e86000-7fa923e88000 r--s 00002000 08:07 3942057                    /home/igor/Рабочий стол/android-studio/gradle/gradle-2.14.1/lib/plugins/gradle-publish-2.14.1.jar
7fa923e88000-7fa923e8a000 r--s 00009000 08:07 3942027                    /home/igor/Рабочий стол/android-studio/gradle/gradle-2.14.1/lib/plugins/commons-cli-1.2.jar
7fa923e8a000-7fa923e90000 r--s 00033000 08:07 3942068                    /home/igor/Рабочий стол/android-studio/gradle/gradle-2.14.1/lib/plugins/gradle-plugins-2.14.1.jar
7fa923e90000-7fa923e92000 r--s 00007000 08:07 3942259                    /home/igor/Рабочий стол/android-studio/gradle/gradle-2.14.1/lib/plugins/gradle-plugin-development-2.14.1.jar
7fa923e92000-7fa923e98000 r--s 0002a000 08:07 3942281                    /home/igor/Рабочий стол/android-studio/gradle/gradle-2.14.1/lib/plugins/gradle-platform-play-2.14.1.jar
7fa923e98000-7fa923ea5000 r--s 0004d000 08:07 3937585                    /home/igor/Рабочий стол/android-studio/gradle/gradle-2.14.1/lib/plugins/gradle-platform-native-2.14.1.jar
7fa923ea5000-7fa923ea9000 r--s 0001a000 08:07 3942012                    /home/igor/Рабочий стол/android-studio/gradle/gradle-2.14.1/lib/plugins/gradle-platform-jvm-2.14.1.jar
7fa923ea9000-7fa923eb0000 r--s 00029000 08:07 3942288                    /home/igor/Рабочий стол/android-studio/gradle/gradle-2.14.1/lib/plugins/gradle-platform-base-2.14.1.jar
7fa923eb0000-7fa923ed1000 r--s 001c3000 08:07 3942252                    /home/igor/Рабочий стол/android-studio/gradle/gradle-2.14.1/lib/plugins/bndlib-2.4.0.jar
7fa923ed1000-7fa923ed3000 r--s 00003000 08:07 3942050                    /home/igor/Рабочий стол/android-studio/gradle/gradle-2.14.1/lib/plugins/gradle-osgi-2.14.1.jar
7fa923ed3000-7fa923ed6000 r--s 0000c000 08:07 3942277                    /home/igor/Рабочий стол/android-studio/gradle/gradle-2.14.1/lib/plugins/pmaven-groovy-0.8-20100325.jar
7fa923ed6000-7fa923ed7000 r--s 00004000 08:07 3942261                    /home/igor/Рабочий стол/android-studio/gradle/gradle-2.14.1/lib/plugins/pmaven-common-0.8-20100325.jar
7fa923ed7000-7fa923edd000 r--s 00022000 08:07 3942024                    /home/igor/Рабочий стол/android-studio/gradle/gradle-2.14.1/lib/plugins/gradle-maven-2.14.1.jar
7fa923edd000-7fa923edf000 r--s 0000a000 08:07 3942018                    /home/igor/Рабочий стол/android-studio/gradle/gradle-2.14.1/lib/plugins/gradle-language-scala-2.14.1.jar
7fa923edf000-7fa923ee5000 r--s 0001a000 08:07 3942278                    /home/igor/Рабочий стол/android-studio/gradle/gradle-2.14.1/lib/plugins/gradle-language-native-2.14.1.jar
7fa923ee5000-7fa923ee7000 r--s 00008000 08:07 3937575                    /home/igor/Рабочий стол/android-studio/gradle/gradle-2.14.1/lib/plugins/gradle-language-jvm-2.14.1.jar
7fa923ee7000-7fa923eed000 r--s 00024000 08:07 3942069                    /home/igor/Рабочий стол/android-studio/gradle/gradle-2.14.1/lib/plugins/gradle-language-java-2.14.1.jar
7fa923eed000-7fa923eef000 r--s 0000a000 08:07 3942022                    /home/igor/Рабочий стол/android-studio/gradle/gradle-2.14.1/lib/plugins/gradle-language-groovy-2.14.1.jar
7fa923eef000-7fa923ef2000 r--s 0001e000 08:07 3942283                    /home/igor/Рабочий стол/android-studio/gradle/gradle-2.14.1/lib/plugins/jsp-api-2.1-6.1.14.jar
7fa923ef2000-7fa923f15000 r--s 00344000 08:07 3942287                    /home/igor/Рабочий стол/android-studio/gradle/gradle-2.14.1/lib/plugins/core-3.1.1.jar
7fa923f15000-7fa923f16000 r--s 00006000 08:07 3942272                    /home/igor/Рабочий стол/android-studio/gradle/gradle-2.14.1/lib/plugins/jetty-naming-6.1.25.jar
7fa923f16000-7fa923f17000 r--s 00002000 08:07 3942030                    /home/igor/Рабочий стол/android-studio/gradle/gradle-2.14.1/lib/plugins/geronimo-annotation_1.0_spec-1.0.jar
7fa923f17000-7fa923f19000 r--s 00002000 08:07 3942011                    /home/igor/Рабочий стол/android-studio/gradle/gradle-2.14.1/lib/plugins/jetty-annotations-6.1.25.jar
7fa923f19000-7fa923f2a000 r--s 000ea000 08:07 3942292                    /home/igor/Рабочий стол/android-studio/gradle/gradle-2.14.1/lib/plugins/jsp-2.1-6.1.14.jar
7fa923f2a000-7fa923f2c000 r--s 0000d000 08:07 3937579                    /home/igor/Рабочий стол/android-studio/gradle/gradle-2.14.1/lib/plugins/jetty-plus-6.1.25.jar
7fa923f2c000-7fa923f2e000 r--s 0001f000 08:07 3937571                    /home/igor/Рабочий стол/android-studio/gradle/gradle-2.14.1/lib/plugins/servlet-api-2.5-20081211.jar
7fa923f2e000-7fa923f32000 r--s 00028000 08:07 3942265                    /home/igor/Рабочий стол/android-studio/gradle/gradle-2.14.1/lib/plugins/jetty-util-6.1.25.jar
7fa923f32000-7fa923f39000 r--s 0007d000 08:07 3937573                    /home/igor/Рабочий стол/android-studio/gradle/gradle-2.14.1/lib/plugins/jetty-6.1.25.jar
7fa923f39000-7fa923f3b000 r--s 00009000 08:07 3942063                    /home/igor/Рабочий стол/android-studio/gradle/gradle-2.14.1/lib/plugins/gradle-jetty-2.14.1.jar
7fa923f3b000-7fa923f42000 r--s 00035000 08:07 3942023                    /home/igor/Рабочий стол/android-studio/gradle/gradle-2.14.1/lib/plugins/simple-4.1.21.jar
7fa923f42000-7fa923f4e000 r--s 00100000 08:07 3942035                    /home/igor/Рабочий стол/android-studio/gradle/gradle-2.14.1/lib/plugins/rhino-1.7R3.jar
7fa923f4e000-7fa923f52000 r--s 00011000 08:07 3937581                    /home/igor/Рабочий стол/android-studio/gradle/gradle-2.14.1/lib/plugins/gradle-javascript-2.14.1.jar
7fa923f52000-7fa923f54000 r--s 0000c000 08:07 3937578                    /home/igor/Рабочий стол/android-studio/gradle/gradle-2.14.1/lib/plugins/gradle-jacoco-2.14.1.jar
7fa923f54000-7fa923f57000 r--s 0000e000 08:07 3942021                    /home/igor/Рабочий стол/android-studio/gradle/gradle-2.14.1/lib/plugins/gradle-ivy-2.14.1.jar
7fa923f57000-7fa923f58000 r--s 00002000 08:07 3942029                    /home/igor/Рабочий стол/android-studio/gradle/gradle-2.14.1/lib/plugins/gradle-ide-play-2.14.1.jar
7fa923f58000-7fa923f5d000 r--s 0002b000 08:07 3942279                    /home/igor/Рабочий стол/android-studio/gradle/gradle-2.14.1/lib/plugins/gradle-ide-native-2.14.1.jar
7fa923f5d000-7fa923f68000 r--s 00066000 08:07 3942043                    /home/igor/Рабочий стол/android-studio/gradle/gradle-2.14.1/lib/plugins/gradle-ide-2.14.1.jar
7fa923f68000-7fa923f69000 r--s 00008000 08:07 3942054                    /home/igor/Рабочий стол/android-studio/gradle/gradle-2.14.1/lib/plugins/gradle-ear-2.14.1.jar
7fa923f69000-7fa923f6f000 r--s 00032000 08:07 3942065                    /home/igor/Рабочий стол/android-studio/gradle/gradle-2.14.1/lib/plugins/gradle-diagnostics-2.14.1.jar
7fa923f6f000-7fa923f73000 r--s 00021000 08:07 3942044                    /home/igor/Рабочий стол/android-studio/gradle/gradle-2.14.1/lib/plugins/gradle-code-quality-2.14.1.jar
7fa923f73000-7fa923f77000 r--s 0001f000 08:07 3942271                    /home/igor/Рабочий стол/android-studio/gradle/gradle-2.14.1/lib/plugins/gradle-build-init-2.14.1.jar
7fa923f77000-7fa923f7e000 r--s 0008e000 08:07 3942285                    /home/igor/Рабочий стол/android-studio/gradle/gradle-2.14.1/lib/plugins/gradle-build-comparison-2.14.1.jar
7fa923f7e000-7fa923f80000 r--s 00008000 08:07 3942290                    /home/igor/Рабочий стол/android-studio/gradle/gradle-2.14.1/lib/plugins/gradle-antlr-2.14.1.jar
7fa923f80000-7fa923f82000 r--s 00004000 08:07 3942037                    /home/igor/Рабочий стол/android-studio/gradle/gradle-2.14.1/lib/plugins/gradle-announce-2.14.1.jar
7fa923f82000-7fa923f9a000 r--s 00115000 08:07 3942263                    /home/igor/Рабочий стол/android-studio/gradle/gradle-2.14.1/lib/plugins/xercesImpl-2.9.1.jar
7fa923f9a000-7fa923fa2000 r--s 00028000 08:07 3937580                    /home/igor/Рабочий стол/android-studio/gradle/gradle-2.14.1/lib/plugins/xml-apis-1.3.04.jar
7fa923fa2000-7fa923fa8000 r--s 0005b000 08:07 3937576                    /home/igor/Рабочий стол/android-studio/gradle/gradle-2.14.1/lib/plugins/jcifs-1.3.17.jar
7fa923fa8000-7fa923faf000 r--s 00049000 08:07 3942025                    /home/igor/Рабочий стол/android-studio/gradle/gradle-2.14.1/lib/plugins/httpcore-4.4.4.jar
7fa923faf000-7fa923fb5000 r--s 00033000 08:07 3942070                    /home/igor/Рабочий стол/android-studio/gradle/gradle-2.14.1/lib/plugins/commons-codec-1.6.jar
7fa923fb5000-7fa923fb8000 r--s 0001c000 08:07 3942028                    /home/igor/Рабочий стол/android-studio/gradle/gradle-2.14.1/lib/plugins/nekohtml-1.9.14.jar
7fa923fb8000-7fa923fc5000 r--s 000a4000 08:07 3942291                    /home/igor/Рабочий стол/android-studio/gradle/gradle-2.14.1/lib/plugins/httpclient-4.4.1.jar
7fa923fc5000-7fa923fc7000 r--s 0000a000 08:07 3942060                    /home/igor/Рабочий стол/android-studio/gradle/gradle-2.14.1/lib/plugins/gradle-resources-http-2.14.1.jar
7fa923fc7000-7fa923fcb000 r--s 00014000 08:07 3942066                    /home/igor/Рабочий стол/android-studio/gradle/gradle-2.14.1/lib/plugins/gradle-plugin-use-2.14.1.jar
7fa923fcb000-7fa923fcc000 r--s 00000000 08:07 3942302                    /home/igor/Рабочий стол/android-studio/gradle/gradle-2.14.1/lib/gradle-installation-beacon-2.14.1.jar
7fa923fcc000-7fa923fcd000 r--s 00007000 08:07 3942051                    /home/igor/Рабочий стол/android-studio/gradle/gradle-2.14.1/lib/plugins/wagon-http-shared4-2.4.jar
7fa923fcd000-7fa923fd1000 r--s 00033000 08:07 3942020                    /home/igor/Рабочий стол/android-studio/gradle/gradle-2.14.1/lib/plugins/plexus-utils-2.0.6.jar
7fa923fd1000-7fa923fd5000 r--s 00021000 08:07 3942280                    /home/igor/Рабочий стол/android-studio/gradle/gradle-2.14.1/lib/plugins/maven-model-builder-3.0.4.jar
7fa923fd5000-7fa923fd7000 r--s 00002000 08:07 3942019                    /home/igor/Рабочий стол/android-studio/gradle/gradle-2.14.1/lib/plugins/plexus-cipher-1.7.jar
7fa923fd7000-7fa923fda000 r--s 00013000 08:07 3942058                    /home/igor/Рабочий стол/android-studio/gradle/gradle-2.14.1/lib/plugins/aether-api-1.13.1.jar
7fa923fda000-7fa923fdc000 r--s 0000a000 08:07 3937574                    /home/igor/Рабочий стол/android-studio/gradle/gradle-2.14.1/lib/plugins/maven-settings-3.0.4.jar
7fa923fdc000-7fa923fde000 r--s 0000d000 08:07 3942055                    /home/igor/Рабочий стол/android-studio/gradle/gradle-2.14.1/lib/plugins/plexus-interpolation-1.14.jar
7fa923fde000-7fa923fe0000 r--s 0000b000 08:07 3937577                    /home/igor/Рабочий стол/android-studio/gradle/gradle-2.14.1/lib/plugins/maven-artifact-3.0.4.jar
7fa923fe0000-7fa923fe7000 r--s 0002e000 08:07 3942293                    /home/igor/Рабочий стол/android-studio/gradle/gradle-2.14.1/lib/plugins/plexus-container-default-1.5.5.jar
7fa923fe7000-7fa923fe9000 r--s 0000b000 08:07 3942016                    /home/igor/Рабочий стол/android-studio/gradle/gradle-2.14.1/lib/plugins/maven-plugin-api-3.0.4.jar
7fa923fe9000-7fa923feb000 r--s 00000000 08:07 3942038                    /home/igor/Рабочий стол/android-studio/gradle/gradle-2.14.1/lib/plugins/plexus-component-annotations-1.5.5.jar
7fa923feb000-7fa923ff1000 r--s 0003f000 08:07 3942042                    /home/igor/Рабочий стол/android-studio/gradle/gradle-2.14.1/lib/plugins/maven-compat-3.0.4.jar
7fa923ff1000-7fa923ff4000 r--s 00008000 08:07 3937584                    /home/igor/Рабочий стол/android-studio/gradle/gradle-2.14.1/lib/plugins/maven-settings-builder-3.0.4.jar
7fa923ff4000-7fa923ff6000 r--s 00026000 08:07 3942270                    /home/igor/Рабочий стол/android-studio/gradle/gradle-2.14.1/lib/plugins/maven-model-3.0.4.jar
7fa923ff6000-7fa923ff8000 r--s 00006000 08:07 3937583                    /home/igor/Рабочий стол/android-studio/gradle/gradle-2.14.1/lib/plugins/aether-connector-wagon-1.13.1.jar
7fa923ff8000-7fa923ffa000 r--s 0000a000 08:07 3942047                    /home/igor/Рабочий стол/android-studio/gradle/gradle-2.14.1/lib/plugins/plexus-classworlds-2.4.jar
7fa923ffa000-7fa923ffc000 r--s 00006000 08:07 3942009                    /home/igor/Рабочий стол/android-studio/gradle/gradle-2.14.1/lib/plugins/maven-repository-metadata-3.0.4.jar
7fa923ffc000-7fa923ffe000 r--s 0000c000 08:07 3942036                    /home/igor/Рабочий стол/android-studio/gradle/gradle-2.14.1/lib/plugins/maven-aether-provider-3.0.4.jar
7fa923ffe000-7fa924000000 r--s 0000b000 08:07 3942048                    /home/igor/Рабочий стол/android-studio/gradle/gradle-2.14.1/lib/plugins/wagon-provider-api-2.4.jar
7fa924000000-7fa925363000 rw-p 00000000 00:00 0 
7fa925363000-7fa928000000 ---p 00000000 00:00 0 
7fa928000000-7fa928021000 rw-p 00000000 00:00 0 
7fa928021000-7fa92c000000 ---p 00000000 00:00 0 
7fa92c000000-7fa92c021000 rw-p 00000000 00:00 0 
7fa92c021000-7fa930000000 ---p 00000000 00:00 0 
7fa930000000-7fa933148000 rw-p 00000000 00:00 0 
7fa933148000-7fa934000000 ---p 00000000 00:00 0 
7fa934000000-7fa934021000 rw-p 00000000 00:00 0 
7fa934021000-7fa938000000 ---p 00000000 00:00 0 
7fa938000000-7fa938021000 rw-p 00000000 00:00 0 
7fa938021000-7fa93c000000 ---p 00000000 00:00 0 
7fa93c000000-7fa93c04c000 rw-p 00000000 00:00 0 
7fa93c04c000-7fa940000000 ---p 00000000 00:00 0 
7fa940000000-7fa9405fe000 rw-p 00000000 00:00 0 
7fa9405fe000-7fa944000000 ---p 00000000 00:00 0 
7fa944000000-7fa944078000 rw-p 00000000 00:00 0 
7fa944078000-7fa948000000 ---p 00000000 00:00 0 
7fa948000000-7fa948001000 r--s 00002000 08:07 3942041                    /home/igor/Рабочий стол/android-studio/gradle/gradle-2.14.1/lib/plugins/wagon-file-2.4.jar
7fa948001000-7fa948005000 r--s 0001c000 08:07 3942064                    /home/igor/Рабочий стол/android-studio/gradle/gradle-2.14.1/lib/plugins/aether-util-1.13.1.jar
7fa948005000-7fa948008000 r--s 0001d000 08:07 3942264                    /home/igor/Рабочий стол/android-studio/gradle/gradle-2.14.1/lib/plugins/aether-impl-1.13.1.jar
7fa948008000-7fa94800d000 r--s 00040000 08:07 3942031                    /home/igor/Рабочий стол/android-studio/gradle/gradle-2.14.1/lib/plugins/jsch-0.1.53.jar
7fa94800d000-7fa94804d000 r--s 00277000 08:07 3942053                    /home/igor/Рабочий стол/android-studio/gradle/gradle-2.14.1/lib/plugins/bcprov-jdk15on-1.51.jar
7fa94804d000-7fa948051000 r--s 0001d000 08:07 3942286                    /home/igor/Рабочий стол/android-studio/gradle/gradle-2.14.1/lib/plugins/xbean-reflect-3.4.jar
7fa948051000-7fa94805d000 r--s 0007d000 08:07 3942071                    /home/igor/Рабочий стол/android-studio/gradle/gradle-2.14.1/lib/plugins/maven-core-3.0.4.jar
7fa94805d000-7fa948079000 r--s 000d3000 08:07 3942052                    /home/igor/Рабочий стол/android-studio/gradle/gradle-2.14.1/lib/plugins/gradle-dependency-management-2.14.1.jar
7fa948079000-7fa94808f000 r-xp 00000000 08:07 2494592                    /lib/x86_64-linux-gnu/libgcc_s.so.1
7fa94808f000-7fa94828e000 ---p 00016000 08:07 2494592                    /lib/x86_64-linux-gnu/libgcc_s.so.1
7fa94828e000-7fa94828f000 rw-p 00015000 08:07 2494592                    /lib/x86_64-linux-gnu/libgcc_s.so.1
7fa94828f000-7fa948375000 r-xp 00000000 08:07 1320173                    /usr/lib/x86_64-linux-gnu/libstdc++.so.6.0.19
7fa948375000-7fa948574000 ---p 000e6000 08:07 1320173                    /usr/lib/x86_64-linux-gnu/libstdc++.so.6.0.19
7fa948574000-7fa94857c000 r--p 000e5000 08:07 1320173                    /usr/lib/x86_64-linux-gnu/libstdc++.so.6.0.19
7fa94857c000-7fa94857e000 rw-p 000ed000 08:07 1320173                    /usr/lib/x86_64-linux-gnu/libstdc++.so.6.0.19
7fa94857e000-7fa948593000 rw-p 00000000 00:00 0 
7fa948593000-7fa948594000 r--s 00002000 08:07 3942282                    /home/igor/Рабочий стол/android-studio/gradle/gradle-2.14.1/lib/plugins/wagon-http-2.4.jar
7fa948594000-7fa948595000 r--s 00003000 08:07 3942275                    /home/igor/Рабочий стол/android-studio/gradle/gradle-2.14.1/lib/plugins/aether-spi-1.13.1.jar
7fa948595000-7fa948596000 r--s 00006000 08:07 3942045                    /home/igor/Рабочий стол/android-studio/gradle/gradle-2.14.1/lib/plugins/plexus-sec-dispatcher-1.3.jar
7fa948596000-7fa94859b000 r--s 0002a000 08:07 3937570                    /home/igor/Рабочий стол/android-studio/gradle/gradle-2.14.1/lib/plugins/gson-2.2.4.jar
7fa94859b000-7fa9485aa000 r--s 000d9000 08:07 3942032                    /home/igor/Рабочий стол/android-studio/gradle/gradle-2.14.1/lib/plugins/ivy-2.2.0.jar
7fa9485aa000-7fa9485ae000 r-xp 00000000 08:07 3020143                    /home/igor/.gradle/native/19/linux-amd64/libnative-platform.so
7fa9485ae000-7fa9487ad000 ---p 00004000 08:07 3020143                    /home/igor/.gradle/native/19/linux-amd64/libnative-platform.so
7fa9487ad000-7fa9487ae000 rw-p 00003000 08:07 3020143                    /home/igor/.gradle/native/19/linux-amd64/libnative-platform.so
7fa9487ae000-7fa9487bf000 r-xp 00000000 08:07 1841132                    /usr/lib/jvm/java-8-oracle/jre/lib/amd64/libnio.so
7fa9487bf000-7fa9489be000 ---p 00011000 08:07 1841132                    /usr/lib/jvm/java-8-oracle/jre/lib/amd64/libnio.so
7fa9489be000-7fa9489bf000 rw-p 00010000 08:07 1841132                    /usr/lib/jvm/java-8-oracle/jre/lib/amd64/libnio.so
7fa9489bf000-7fa9489d5000 r-xp 00000000 08:07 1841127                    /usr/lib/jvm/java-8-oracle/jre/lib/amd64/libnet.so
7fa9489d5000-7fa948bd5000 ---p 00016000 08:07 1841127                    /usr/lib/jvm/java-8-oracle/jre/lib/amd64/libnet.so
7fa948bd5000-7fa948bd6000 rw-p 00016000 08:07 1841127                    /usr/lib/jvm/java-8-oracle/jre/lib/amd64/libnet.so
7fa948bd6000-7fa948be0000 r--s 00116000 08:07 1840987                    /usr/lib/jvm/java-8-oracle/jre/lib/ext/localedata.jar
7fa948be0000-7fa948be2000 r--s 00005000 08:07 3942310                    /home/igor/Рабочий стол/android-studio/gradle/gradle-2.14.1/lib/gradle-wrapper-2.14.1.jar
7fa948be2000-7fa948bf0000 r--s 0004f000 08:07 3942330                    /home/igor/Рабочий стол/android-studio/gradle/gradle-2.14.1/lib/gradle-tooling-api-2.14.1.jar
7fa948bf0000-7fa948bf2000 r--s 00002000 08:07 3942334                    /home/igor/Рабочий стол/android-studio/gradle/gradle-2.14.1/lib/gradle-open-api-2.14.1.jar
7fa948bf2000-7fa948bf8000 r--s 00032000 08:07 3942299                    /home/igor/Рабочий стол/android-studio/gradle/gradle-2.14.1/lib/jaxen-1.1.jar
7fa948bf8000-7fa948bfd000 r--s 00048000 08:07 3942336                    /home/igor/Рабочий стол/android-studio/gradle/gradle-2.14.1/lib/dom4j-1.6.1.jar
7fa948bfd000-7fa948c08000 r--s 00059000 08:07 3942315                    /home/igor/Рабочий стол/android-studio/gradle/gradle-2.14.1/lib/gradle-ui-2.14.1.jar
7fa948c08000-7fa948c0b000 r--s 0000b000 08:07 3942308                    /home/igor/Рабочий стол/android-studio/gradle/gradle-2.14.1/lib/gradle-resources-2.14.1.jar
7fa948c0b000-7fa948c0d000 r--s 00003000 08:07 3942301                    /home/igor/Рабочий стол/android-studio/gradle/gradle-2.14.1/lib/jcl-over-slf4j-1.7.10.jar
7fa948c0d000-7fa948c0e000 r--s 00005000 08:07 3942294                    /home/igor/Рабочий стол/android-studio/gradle/gradle-2.14.1/lib/log4j-over-slf4j-1.7.10.jar
7fa948c0e000-7fa948c10000 r--s 00000000 08:07 3942307                    /home/igor/Рабочий стол/android-studio/gradle/gradle-2.14.1/lib/jul-to-slf4j-1.7.10.jar
7fa948c10000-7fa948c15000 r--s 0001c000 08:07 3942311                    /home/igor/Рабочий стол/android-studio/gradle/gradle-2.14.1/lib/gradle-logging-2.14.1.jar
7fa948c15000-7fa948c17000 r--s 00007000 08:07 3942329                    /home/igor/Рабочий стол/android-studio/gradle/gradle-2.14.1/lib/objenesis-1.2.jar
7fa948c17000-7fa948c19000 r--s 00000000 08:07 3942331                    /home/igor/Рабочий стол/android-studio/gradle/gradle-2.14.1/lib/minlog-1.2.jar
7fa948c19000-7fa948c1b000 r--s 0000f000 08:07 3937567                    /home/igor/Рабочий стол/android-studio/gradle/gradle-2.14.1/lib/reflectasm-1.07-shaded.jar
7fa948c1b000-7fa948c1f000 r--s 00026000 08:07 3942297                    /home/igor/Рабочий стол/android-studio/gradle/gradle-2.14.1/lib/kryo-2.20.jar
7fa948c1f000-7fa948c25000 r--s 00025000 08:07 3942324                    /home/igor/Рабочий стол/android-studio/gradle/gradle-2.14.1/lib/gradle-messaging-2.14.1.jar
7fa948c25000-7fa948c26000 r--s 00003000 08:07 3942304                    /home/igor/Рабочий стол/android-studio/gradle/gradle-2.14.1/lib/native-platform-freebsd-amd64-0.10.jar
7fa948c26000-7fa948c27000 r--s 00003000 08:07 3942296                    /home/igor/Рабочий стол/android-studio/gradle/gradle-2.14.1/lib/native-platform-freebsd-i386-0.10.jar
7fa948c27000-7fa948c28000 r--s 00005000 08:07 3942327                    /home/igor/Рабочий стол/android-studio/gradle/gradle-2.14.1/lib/native-platform-windows-i386-0.10.jar
7fa948c28000-7fa948c29000 r--s 00005000 08:07 3942300                    /home/igor/Рабочий стол/android-studio/gradle/gradle-2.14.1/lib/native-platform-windows-amd64-0.10.jar
7fa948c29000-7fa948c2a000 r--s 00003000 08:07 3942306                    /home/igor/Рабочий стол/android-studio/gradle/gradle-2.14.1/lib/native-platform-linux-i386-0.10.jar
7fa948c2a000-7fa948c2b000 r--s 00003000 08:07 3942322                    /home/igor/Рабочий стол/android-studio/gradle/gradle-2.14.1/lib/native-platform-linux-amd64-0.10.jar
7fa948c2b000-7fa948c2c000 r--s 00002000 08:07 3937568                    /home/igor/Рабочий стол/android-studio/gradle/gradle-2.14.1/lib/native-platform-osx-amd64-0.10.jar
7fa948c2c000-7fa948c2e000 r--s 00008000 08:07 3942303                    /home/igor/Рабочий стол/android-studio/gradle/gradle-2.14.1/lib/jansi-1.2.1.jar
7fa948c2e000-7fa948c31000 r--s 0000d000 08:07 3942316                    /home/igor/Рабочий стол/android-studio/gradle/gradle-2.14.1/lib/native-platform-0.10.jar
7fa948c31000-7fa948c35000 r--s 000e4000 08:07 3942328                    /home/igor/Рабочий стол/android-studio/gradle/gradle-2.14.1/lib/jna-3.2.7.jar
7fa948c35000-7fa948c37000 r--s 00009000 08:07 3942325                    /home/igor/Рабочий стол/android-studio/gradle/gradle-2.14.1/lib/gradle-native-2.14.1.jar
7fa948c37000-7fa948c39000 r--s 00005000 08:07 3942309                    /home/igor/Рабочий стол/android-studio/gradle/gradle-2.14.1/lib/gradle-cli-2.14.1.jar
7fa948c39000-7fa948c48000 r--s 00080000 08:07 3942332                    /home/igor/Рабочий стол/android-studio/gradle/gradle-2.14.1/lib/gradle-model-core-2.14.1.jar
7fa948c48000-7fa948cb7000 r--s 0063e000 08:07 3942321                    /home/igor/Рабочий стол/android-studio/gradle/gradle-2.14.1/lib/groovy-all-2.4.4.jar
7fa948cb7000-7fa948cdf000 r--s 001cf000 08:07 3942314                    /home/igor/Рабочий стол/android-studio/gradle/gradle-2.14.1/lib/guava-jdk5-17.0.jar
7fa948cdf000-7fa948cfe000 r--s 001d1000 08:07 3942335                    /home/igor/Рабочий стол/android-studio/gradle/gradle-2.14.1/lib/ant-1.9.6.jar
7fa948cfe000-7fa948d35000 r--s 001bd000 08:07 3942317                    /home/igor/Рабочий стол/android-studio/gradle/gradle-2.14.1/lib/gradle-core-2.14.1.jar
7fa948d35000-7fa948d36000 ---p 00000000 00:00 0 
7fa948d36000-7fa948e36000 rw-p 00000000 00:00 0                          [stack:3499]
7fa948e36000-7fa948e39000 ---p 00000000 00:00 0 
7fa948e39000-7fa948f37000 rw-p 00000000 00:00 0                          [stack:3498]
7fa948f37000-7fa948f3a000 ---p 00000000 00:00 0 
7fa948f3a000-7fa949038000 rw-p 00000000 00:00 0                          [stack:3497]
7fa949038000-7fa94903b000 ---p 00000000 00:00 0 
7fa94903b000-7fa949139000 rw-p 00000000 00:00 0                          [stack:3496]
7fa949139000-7fa94913c000 ---p 00000000 00:00 0 
7fa94913c000-7fa94923a000 rw-p 00000000 00:00 0                          [stack:3495]
7fa94923a000-7fa9494f5000 r--p 00000000 08:07 1318297                    /usr/lib/locale/locale-archive
7fa9494f5000-7fa9494f8000 ---p 00000000 00:00 0 
7fa9494f8000-7fa9495f6000 rw-p 00000000 00:00 0                          [stack:3494]
7fa9495f6000-7fa9495f9000 ---p 00000000 00:00 0 
7fa9495f9000-7fa9496f7000 rw-p 00000000 00:00 0                          [stack:3493]
7fa9496f7000-7fa9496f8000 ---p 00000000 00:00 0 
7fa9496f8000-7fa94d000000 rw-p 00000000 00:00 0                          [stack:3492]
7fa94d000000-7fa951b30000 rwxp 00000000 00:00 0 
7fa951b30000-7fa95c000000 ---p 00000000 00:00 0 
7fa95c000000-7fa95cb92000 rw-p 00000000 00:00 0 
7fa95cb92000-7fa960000000 ---p 00000000 00:00 0 
7fa960000000-7fa96000d000 r--s 00083000 08:07 3942337                    /home/igor/Рабочий стол/android-studio/gradle/gradle-2.14.1/lib/commons-collections-3.2.2.jar
7fa96000d000-7fa96019f000 rw-p 00000000 00:00 0 
7fa96019f000-7fa960378000 r--s 03d20000 08:07 1708320                    /usr/lib/jvm/java-8-oracle/jre/lib/rt.jar
7fa960378000-7fa960eee000 rw-p 00000000 00:00 0 
7fa960eee000-7fa960eef000 ---p 00000000 00:00 0 
7fa960eef000-7fa960fef000 rw-p 00000000 00:00 0                          [stack:3491]
7fa960fef000-7fa960ff0000 ---p 00000000 00:00 0 
7fa960ff0000-7fa96120f000 rw-p 00000000 00:00 0                          [stack:3490]
7fa96120f000-7fa9612f0000 ---p 00000000 00:00 0 
7fa9612f0000-7fa96140f000 rw-p 00000000 00:00 0 
7fa96140f000-7fa9614f0000 ---p 00000000 00:00 0 
7fa9614f0000-7fa9615f0000 rw-p 00000000 00:00 0 
7fa9615f0000-7fa96171e000 rw-p 00000000 00:00 0 
7fa96171e000-7fa9619b1000 ---p 00000000 00:00 0 
7fa9619b1000-7fa9619cb000 r-xp 00000000 08:07 1841121                    /usr/lib/jvm/java-8-oracle/jre/lib/amd64/libzip.so
7fa9619cb000-7fa961bcb000 ---p 0001a000 08:07 1841121                    /usr/lib/jvm/java-8-oracle/jre/lib/amd64/libzip.so
7fa961bcb000-7fa961bcc000 rw-p 0001a000 08:07 1841121                    /usr/lib/jvm/java-8-oracle/jre/lib/amd64/libzip.so
7fa961bcc000-7fa961bd7000 r-xp 00000000 08:07 2494640                    /lib/x86_64-linux-gnu/libnss_files-2.19.so
7fa961bd7000-7fa961dd6000 ---p 0000b000 08:07 2494640                    /lib/x86_64-linux-gnu/libnss_files-2.19.so
7fa961dd6000-7fa961dd7000 r--p 0000a000 08:07 2494640                    /lib/x86_64-linux-gnu/libnss_files-2.19.so
7fa961dd7000-7fa961dd8000 rw-p 0000b000 08:07 2494640                    /lib/x86_64-linux-gnu/libnss_files-2.19.so
7fa961dd8000-7fa961de3000 r-xp 00000000 08:07 2494644                    /lib/x86_64-linux-gnu/libnss_nis-2.19.so
7fa961de3000-7fa961fe2000 ---p 0000b000 08:07 2494644                    /lib/x86_64-linux-gnu/libnss_nis-2.19.so
7fa961fe2000-7fa961fe3000 r--p 0000a000 08:07 2494644                    /lib/x86_64-linux-gnu/libnss_nis-2.19.so
7fa961fe3000-7fa961fe4000 rw-p 0000b000 08:07 2494644                    /lib/x86_64-linux-gnu/libnss_nis-2.19.so
7fa961fe4000-7fa961ffb000 r-xp 00000000 08:07 2494634                    /lib/x86_64-linux-gnu/libnsl-2.19.so
7fa961ffb000-7fa9621fa000 ---p 00017000 08:07 2494634                    /lib/x86_64-linux-gnu/libnsl-2.19.so
7fa9621fa000-7fa9621fb000 r--p 00016000 08:07 2494634                    /lib/x86_64-linux-gnu/libnsl-2.19.so
7fa9621fb000-7fa9621fc000 rw-p 00017000 08:07 2494634                    /lib/x86_64-linux-gnu/libnsl-2.19.so
7fa9621fc000-7fa9621fe000 rw-p 00000000 00:00 0 
7fa9621fe000-7fa962207000 r-xp 00000000 08:07 2494636                    /lib/x86_64-linux-gnu/libnss_compat-2.19.so
7fa962207000-7fa962406000 ---p 00009000 08:07 2494636                    /lib/x86_64-linux-gnu/libnss_compat-2.19.so
7fa962406000-7fa962407000 r--p 00008000 08:07 2494636                    /lib/x86_64-linux-gnu/libnss_compat-2.19.so
7fa962407000-7fa962408000 rw-p 00009000 08:07 2494636                    /lib/x86_64-linux-gnu/libnss_compat-2.19.so
7fa962408000-7fa962432000 r-xp 00000000 08:07 1841125                    /usr/lib/jvm/java-8-oracle/jre/lib/amd64/libjava.so
7fa962432000-7fa962632000 ---p 0002a000 08:07 1841125                    /usr/lib/jvm/java-8-oracle/jre/lib/amd64/libjava.so
7fa962632000-7fa962634000 rw-p 0002a000 08:07 1841125                    /usr/lib/jvm/java-8-oracle/jre/lib/amd64/libjava.so
7fa962634000-7fa962641000 r-xp 00000000 08:07 1841141                    /usr/lib/jvm/java-8-oracle/jre/lib/amd64/libverify.so
7fa962641000-7fa962841000 ---p 0000d000 08:07 1841141                    /usr/lib/jvm/java-8-oracle/jre/lib/amd64/libverify.so
7fa962841000-7fa962843000 rw-p 0000d000 08:07 1841141                    /usr/lib/jvm/java-8-oracle/jre/lib/amd64/libverify.so
7fa962843000-7fa96284a000 r-xp 00000000 08:07 2494687                    /lib/x86_64-linux-gnu/librt-2.19.so
7fa96284a000-7fa962a49000 ---p 00007000 08:07 2494687                    /lib/x86_64-linux-gnu/librt-2.19.so
7fa962a49000-7fa962a4a000 r--p 00006000 08:07 2494687                    /lib/x86_64-linux-gnu/librt-2.19.so
7fa962a4a000-7fa962a4b000 rw-p 00007000 08:07 2494687                    /lib/x86_64-linux-gnu/librt-2.19.so
7fa962a4b000-7fa962b50000 r-xp 00000000 08:07 2494615                    /lib/x86_64-linux-gnu/libm-2.19.so
7fa962b50000-7fa962d4f000 ---p 00105000 08:07 2494615                    /lib/x86_64-linux-gnu/libm-2.19.so
7fa962d4f000-7fa962d50000 r--p 00104000 08:07 2494615                    /lib/x86_64-linux-gnu/libm-2.19.so
7fa962d50000-7fa962d51000 rw-p 00105000 08:07 2494615                    /lib/x86_64-linux-gnu/libm-2.19.so
7fa962d51000-7fa963a0f000 r-xp 00000000 08:07 1841137                    /usr/lib/jvm/java-8-oracle/jre/lib/amd64/server/libjvm.so
7fa963a0f000-7fa963c0e000 ---p 00cbe000 08:07 1841137                    /usr/lib/jvm/java-8-oracle/jre/lib/amd64/server/libjvm.so
7fa963c0e000-7fa963ce7000 rw-p 00cbd000 08:07 1841137                    /usr/lib/jvm/java-8-oracle/jre/lib/amd64/server/libjvm.so
7fa963ce7000-7fa963d2b000 rw-p 00000000 00:00 0 
7fa963d2b000-7fa963ee6000 r-xp 00000000 08:07 2494565                    /lib/x86_64-linux-gnu/libc-2.19.so
7fa963ee6000-7fa9640e5000 ---p 001bb000 08:07 2494565                    /lib/x86_64-linux-gnu/libc-2.19.so
7fa9640e5000-7fa9640e9000 r--p 001ba000 08:07 2494565                    /lib/x86_64-linux-gnu/libc-2.19.so
7fa9640e9000-7fa9640eb000 rw-p 001be000 08:07 2494565                    /lib/x86_64-linux-gnu/libc-2.19.so
7fa9640eb000-7fa9640f0000 rw-p 00000000 00:00 0 
7fa9640f0000-7fa9640f3000 r-xp 00000000 08:07 2494582                    /lib/x86_64-linux-gnu/libdl-2.19.so
7fa9640f3000-7fa9642f2000 ---p 00003000 08:07 2494582                    /lib/x86_64-linux-gnu/libdl-2.19.so
7fa9642f2000-7fa9642f3000 r--p 00002000 08:07 2494582                    /lib/x86_64-linux-gnu/libdl-2.19.so
7fa9642f3000-7fa9642f4000 rw-p 00003000 08:07 2494582                    /lib/x86_64-linux-gnu/libdl-2.19.so
7fa9642f4000-7fa964309000 r-xp 00000000 08:07 1579403                    /usr/lib/jvm/java-8-oracle/lib/amd64/jli/libjli.so
7fa964309000-7fa964509000 ---p 00015000 08:07 1579403                    /usr/lib/jvm/java-8-oracle/lib/amd64/jli/libjli.so
7fa964509000-7fa96450a000 rw-p 00015000 08:07 1579403                    /usr/lib/jvm/java-8-oracle/lib/amd64/jli/libjli.so
7fa96450a000-7fa964523000 r-xp 00000000 08:07 2494679                    /lib/x86_64-linux-gnu/libpthread-2.19.so
7fa964523000-7fa964722000 ---p 00019000 08:07 2494679                    /lib/x86_64-linux-gnu/libpthread-2.19.so
7fa964722000-7fa964723000 r--p 00018000 08:07 2494679                    /lib/x86_64-linux-gnu/libpthread-2.19.so
7fa964723000-7fa964724000 rw-p 00019000 08:07 2494679                    /lib/x86_64-linux-gnu/libpthread-2.19.so
7fa964724000-7fa964728000 rw-p 00000000 00:00 0 
7fa964728000-7fa96474b000 r-xp 00000000 08:07 2494543                    /lib/x86_64-linux-gnu/ld-2.19.so
7fa96474b000-7fa96474c000 r--s 00002000 08:07 3942341                    /home/igor/Рабочий стол/android-studio/gradle/gradle-2.14.1/lib/native-platform-osx-i386-0.10.jar
7fa96474c000-7fa96474e000 r--s 00007000 08:07 3942326                    /home/igor/Рабочий стол/android-studio/gradle/gradle-2.14.1/lib/gradle-model-groovy-2.14.1.jar
7fa96474e000-7fa96474f000 r--s 00006000 08:07 3942295                    /home/igor/Рабочий стол/android-studio/gradle/gradle-2.14.1/lib/gradle-base-services-groovy-2.14.1.jar
7fa96474f000-7fa964750000 r--s 00002000 08:07 3942318                    /home/igor/Рабочий стол/android-studio/gradle/gradle-2.14.1/lib/gradle-docs-2.14.1.jar
7fa964750000-7fa964751000 r--s 00000000 08:07 3942313                    /home/igor/Рабочий стол/android-studio/gradle/gradle-2.14.1/lib/javax.inject-1.jar
7fa964751000-7fa964752000 r--s 00000000 08:07 3942339                    /home/igor/Рабочий стол/android-studio/gradle/gradle-2.14.1/lib/jcip-annotations-1.0.jar
7fa964752000-7fa964756000 r--s 00027000 08:07 3942305                    /home/igor/Рабочий стол/android-studio/gradle/gradle-2.14.1/lib/commons-io-2.2.jar
7fa964756000-7fa96475b000 r--s 00038000 08:07 3942338                    /home/igor/Рабочий стол/android-studio/gradle/gradle-2.14.1/lib/asm-all-5.1.jar
7fa96475b000-7fa96475c000 r--s 00001000 08:07 3942340                    /home/igor/Рабочий стол/android-studio/gradle/gradle-2.14.1/lib/gradle-process-services-2.14.1.jar
7fa96475c000-7fa96475d000 r--s 00000000 08:07 3942323                    /home/igor/Рабочий стол/android-studio/gradle/gradle-2.14.1/lib/gradle-jvm-services-2.14.1.jar
7fa96475d000-7fa964762000 r--s 00041000 08:07 3942320                    /home/igor/Рабочий стол/android-studio/gradle/gradle-2.14.1/lib/commons-lang-2.6.jar
7fa964762000-7fa96476a000 r--s 0003a000 08:07 3942312                    /home/igor/Рабочий стол/android-studio/gradle/gradle-2.14.1/lib/gradle-base-services-2.14.1.jar
7fa96476a000-7fa96482c000 rw-p 00000000 00:00 0 
7fa96482c000-7fa96482f000 ---p 00000000 00:00 0 
7fa96482f000-7fa964931000 rw-p 00000000 00:00 0                          [stack:3489]
7fa964931000-7fa964932000 r--s 00007000 08:07 3942333                    /home/igor/Рабочий стол/android-studio/gradle/gradle-2.14.1/lib/slf4j-api-1.7.10.jar
7fa964932000-7fa964933000 r--s 00004000 08:07 3942319                    /home/igor/Рабочий стол/android-studio/gradle/gradle-2.14.1/lib/ant-launcher-1.9.6.jar
7fa964933000-7fa96493e000 r--s 00051000 08:07 3942298                    /home/igor/Рабочий стол/android-studio/gradle/gradle-2.14.1/lib/gradle-launcher-2.14.1.jar
7fa96493e000-7fa964946000 rw-s 00000000 08:07 1704777                    /tmp/hsperfdata_igor/3486
7fa964946000-7fa964947000 rw-p 00000000 00:00 0 
7fa964947000-7fa964948000 ---p 00000000 00:00 0 
7fa964948000-7fa96494a000 rw-p 00000000 00:00 0 
7fa96494a000-7fa96494b000 r--p 00022000 08:07 2494543                    /lib/x86_64-linux-gnu/ld-2.19.so
7fa96494b000-7fa96494c000 rw-p 00023000 08:07 2494543                    /lib/x86_64-linux-gnu/ld-2.19.so
7fa96494c000-7fa96494d000 rw-p 00000000 00:00 0 
7fffb9907000-7fffb9928000 rw-p 00000000 00:00 0                          [stack]
7fffb995a000-7fffb995c000 r-xp 00000000 00:00 0                          [vdso]
7fffb995c000-7fffb995e000 r--p 00000000 00:00 0                          [vvar]
ffffffffff600000-ffffffffff601000 r-xp 00000000 00:00 0                  [vsyscall]

VM Arguments:
jvm_args: -Xmx1536m -Dfile.encoding=UTF-8 -Duser.country=UA -Duser.language=ru -Duser.variant 
java_command: org.gradle.launcher.daemon.bootstrap.GradleDaemon 2.14.1
java_class_path (initial): /home/igor/Рабочий стол/android-studio/gradle/gradle-2.14.1/lib/gradle-launcher-2.14.1.jar
Launcher Type: SUN_STANDARD

Environment Variables:
PATH=/usr/local/sbin:/usr/local/bin:/usr/sbin:/usr/bin:/sbin:/bin:/usr/games:/usr/local/games
LD_LIBRARY_PATH=/home/igor/Рабочий стол/android-studio/bin:
SHELL=/bin/bash
DISPLAY=:0.0

Signal Handlers:
SIGSEGV: [libjvm.so+0xaba2a0], sa_mask[0]=11111111011111111101111111111110, sa_flags=SA_RESTART|SA_SIGINFO
SIGBUS: [libjvm.so+0xaba2a0], sa_mask[0]=11111111011111111101111111111110, sa_flags=SA_RESTART|SA_SIGINFO
SIGFPE: [libjvm.so+0x917710], sa_mask[0]=11111111011111111101111111111110, sa_flags=SA_RESTART|SA_SIGINFO
SIGPIPE: [libjvm.so+0x917710], sa_mask[0]=11111111011111111101111111111110, sa_flags=SA_RESTART|SA_SIGINFO
SIGXFSZ: [libjvm.so+0x917710], sa_mask[0]=11111111011111111101111111111110, sa_flags=SA_RESTART|SA_SIGINFO
SIGILL: [libjvm.so+0x917710], sa_mask[0]=11111111011111111101111111111110, sa_flags=SA_RESTART|SA_SIGINFO
SIGUSR1: SIG_DFL, sa_mask[0]=00000000000000000000000000000000, sa_flags=none
SIGUSR2: [libjvm.so+0x918d40], sa_mask[0]=00100000000000000000000000000000, sa_flags=SA_RESTART|SA_SIGINFO
SIGHUP: [libjvm.so+0x91a140], sa_mask[0]=11111111011111111101111111111110, sa_flags=SA_RESTART|SA_SIGINFO
SIGINT: [libjvm.so+0x91a140], sa_mask[0]=11111111011111111101111111111110, sa_flags=SA_RESTART|SA_SIGINFO
SIGTERM: [libjvm.so+0x91a140], sa_mask[0]=11111111011111111101111111111110, sa_flags=SA_RESTART|SA_SIGINFO
SIGQUIT: [libjvm.so+0x91a140], sa_mask[0]=11111111011111111101111111111110, sa_flags=SA_RESTART|SA_SIGINFO


---------------  S Y S T E M  ---------------

OS:DISTRIB_ID=Ubuntu
DISTRIB_RELEASE=14.04
DISTRIB_CODENAME=trusty
DISTRIB_DESCRIPTION="Ubuntu 14.04.2 LTS"

uname:Linux 3.16.0-53-generic #72~14.04.1-Ubuntu SMP Fri Nov 6 18:17:23 UTC 2015 x86_64
libc:glibc 2.19 NPTL 2.19 
rlimit: STACK 8192k, CORE 0k, NPROC 15279, NOFILE 4096, AS infinity
load average:22,73 21,99 11,74

/proc/meminfo:
MemTotal:        3931200 kB
MemFree:          107140 kB
MemAvailable:      56208 kB
Buffers:            1176 kB
Cached:           213140 kB
SwapCached:         2404 kB
Active:          2713364 kB
Inactive:         929796 kB
Active(anon):    2700748 kB
Inactive(anon):   908096 kB
Active(file):      12616 kB
Inactive(file):    21700 kB
Unevictable:          32 kB
Mlocked:              32 kB
SwapTotal:       2097148 kB
SwapFree:            176 kB
Dirty:               136 kB
Writeback:             0 kB
AnonPages:       3427240 kB
Mapped:            40188 kB
Shmem:            179916 kB
Slab:              65060 kB
SReclaimable:      32756 kB
SUnreclaim:        32304 kB
KernelStack:        8864 kB
PageTables:        47684 kB
NFS_Unstable:          0 kB
Bounce:                0 kB
WritebackTmp:          0 kB
CommitLimit:     4062748 kB
Committed_AS:    9755336 kB
VmallocTotal:   34359738367 kB
VmallocUsed:      401948 kB
VmallocChunk:   34359296760 kB
HardwareCorrupted:     0 kB
AnonHugePages:    665600 kB
HugePages_Total:       0
HugePages_Free:        0
HugePages_Rsvd:        0
HugePages_Surp:        0
Hugepagesize:       2048 kB
DirectMap4k:      112604 kB
DirectMap2M:     3964928 kB


CPU:total 2 (2 cores per cpu, 1 threads per core) family 6 model 58 stepping 9, cmov, cx8, fxsr, mmx, sse, sse2, sse3, ssse3, sse4.1, sse4.2, popcnt, clmul, erms, tsc, tscinvbit, tscinv

/proc/cpuinfo:
processor	: 0
vendor_id	: GenuineIntel
cpu family	: 6
model		: 58
model name	: Intel(R) Pentium(R) CPU 2020M @ 2.40GHz
stepping	: 9
microcode	: 0x12
cpu MHz		: 1204.125
cache size	: 2048 KB
physical id	: 0
siblings	: 2
core id		: 0
cpu cores	: 2
apicid		: 0
initial apicid	: 0
fpu		: yes
fpu_exception	: yes
cpuid level	: 13
wp		: yes
flags		: fpu vme de pse tsc msr pae mce cx8 apic sep mtrr pge mca cmov pat pse36 clflush dts acpi mmx fxsr sse sse2 ss ht tm pbe syscall nx rdtscp lm constant_tsc arch_perfmon pebs bts rep_good nopl xtopology nonstop_tsc aperfmperf eagerfpu pni pclmulqdq dtes64 monitor ds_cpl vmx est tm2 ssse3 cx16 xtpr pdcm pcid sse4_1 sse4_2 x2apic popcnt tsc_deadline_timer xsave lahf_lm arat epb xsaveopt pln pts dtherm tpr_shadow vnmi flexpriority ept vpid fsgsbase smep erms
bogomips	: 4788.99
clflush size	: 64
cache_alignment	: 64
address sizes	: 36 bits physical, 48 bits virtual
power management:

processor	: 1
vendor_id	: GenuineIntel
cpu family	: 6
model		: 58
model name	: Intel(R) Pentium(R) CPU 2020M @ 2.40GHz
stepping	: 9
microcode	: 0x12
cpu MHz		: 1203.187
cache size	: 2048 KB
physical id	: 0
siblings	: 2
core id		: 1
cpu cores	: 2
apicid		: 2
initial apicid	: 2
fpu		: yes
fpu_exception	: yes
cpuid level	: 13
wp		: yes
flags		: fpu vme de pse tsc msr pae mce cx8 apic sep mtrr pge mca cmov pat pse36 clflush dts acpi mmx fxsr sse sse2 ss ht tm pbe syscall nx rdtscp lm constant_tsc arch_perfmon pebs bts rep_good nopl xtopology nonstop_tsc aperfmperf eagerfpu pni pclmulqdq dtes64 monitor ds_cpl vmx est tm2 ssse3 cx16 xtpr pdcm pcid sse4_1 sse4_2 x2apic popcnt tsc_deadline_timer xsave lahf_lm arat epb xsaveopt pln pts dtherm tpr_shadow vnmi flexpriority ept vpid fsgsbase smep erms
bogomips	: 4788.99
clflush size	: 64
cache_alignment	: 64
address sizes	: 36 bits physical, 48 bits virtual
power management:



Memory: 4k page, physical 3931200k(107140k free), swap 2097148k(176k free)

vm_info: Java HotSpot(TM) 64-Bit Server VM (25.66-b17) for linux-amd64 JRE (1.8.0_66-b17), built on Oct  6 2015 17:28:34 by "java_re" with gcc 4.3.0 20080428 (Red Hat 4.3.0-8)

time: Thu Aug 18 15:31:05 2016
elapsed time: 5234 seconds (0d 1h 27m 14s)

